#-----------------------------------------------------------
# Vivado v2019.2 (64-bit)
# SW Build 2708876 on Wed Nov  6 21:40:23 MST 2019
# IP Build 2700528 on Thu Nov  7 00:09:20 MST 2019
# Start of session at: Mon Apr  6 20:08:59 2020
# Process ID: 15676
# Current directory: D:/Vivado/ConfigurableEletronic/proj/FLP_proj
# Command line: vivado.exe -gui_launcher_event rodinguilauncherevent3192 D:\Vivado\ConfigurableEletronic\proj\FLP_proj\FLP_proj.xpr
# Log file: D:/Vivado/ConfigurableEletronic/proj/FLP_proj/vivado.log
# Journal file: D:/Vivado/ConfigurableEletronic/proj/FLP_proj\vivado.jou
#-----------------------------------------------------------
start_gui
open_project D:/Vivado/ConfigurableEletronic/proj/FLP_proj/FLP_proj.xpr
INFO: [Project 1-313] Project file moved from 'C:/Users/ricar/Desktop/EConfig/Trabalhos/proj/FLP_proj' since last save.
Scanning sources...
Finished scanning sources
INFO: [IP_Flow 19-234] Refreshing IP repositories
INFO: [IP_Flow 19-1704] No user IP repositories specified
INFO: [IP_Flow 19-2313] Loaded Vivado IP repository 'D:/Vivado/Vivado/2019.2/data/ip'.
update_compile_order -fileset sources_1
reset_run synth_rebuilt0dsp
launch_runs synth_rebuilt0dsp -jobs 6
[Mon Apr  6 20:09:46 2020] Launched synth_rebuilt0dsp...
Run output will be captured here: D:/Vivado/ConfigurableEletronic/proj/FLP_proj/FLP_proj.runs/synth_rebuilt0dsp/runme.log
reset_run synth_rebuilt0dsp
