
*** Running vivado
    with args -log lab1.vdi -applog -m64 -product Vivado -messageDb vivado.pb -mode batch -source lab1.tcl -notrace


****** Vivado v2016.4 (64-bit)
  **** SW Build 1756540 on Mon Jan 23 19:11:23 MST 2017
  **** IP Build 1755317 on Mon Jan 23 20:30:07 MST 2017
    ** Copyright 1986-2016 Xilinx, Inc. All Rights Reserved.

source lab1.tcl -notrace
Command: open_checkpoint {C:/Users/2192600/ConfigurableEletronic/ClassPL1 - Lab1-20200220/Lab1/Lab1.runs/impl_1/lab1.dcp}

Starting open_checkpoint Task

Time (s): cpu = 00:00:00 ; elapsed = 00:00:00.050 . Memory (MB): peak = 215.254 ; gain = 0.000
INFO: [Netlist 29-17] Analyzing 8 Unisim elements for replacement
INFO: [Netlist 29-28] Unisim Transformation completed in 0 CPU seconds
INFO: [Project 1-479] Netlist was created with Vivado 2016.4
INFO: [Device 21-403] Loading part xc7a35tcpg236-1
INFO: [Project 1-570] Preparing netlist for logic optimization
Parsing XDC File [C:/Users/2192600/ConfigurableEletronic/ClassPL1 - Lab1-20200220/Lab1/Lab1.runs/impl_1/.Xil/Vivado-1212-C2-LABTEL-M03/dcp/lab1.xdc]
Finished Parsing XDC File [C:/Users/2192600/ConfigurableEletronic/ClassPL1 - Lab1-20200220/Lab1/Lab1.runs/impl_1/.Xil/Vivado-1212-C2-LABTEL-M03/dcp/lab1.xdc]
Reading XDEF placement.
Reading placer database...
Reading XDEF routing.
Read XDEF File: Time (s): cpu = 00:00:00 ; elapsed = 00:00:00.089 . Memory (MB): peak = 493.516 ; gain = 0.000
Restored from archive | CPU: 0.000000 secs | Memory: 0.000000 MB |
Finished XDEF File Restore: Time (s): cpu = 00:00:00 ; elapsed = 00:00:00.110 . Memory (MB): peak = 493.516 ; gain = 0.000
INFO: [Project 1-111] Unisim Transformation Summary:
No Unisim elements were transformed.

INFO: [Project 1-604] Checkpoint was created with Vivado v2016.4 (64-bit) build 1756540
open_checkpoint: Time (s): cpu = 00:00:04 ; elapsed = 00:00:05 . Memory (MB): peak = 493.516 ; gain = 283.168
INFO: [Vivado_Tcl 4-424] Cannot write hardware definition file as there are no IPI block design hardware handoff files present
Command: opt_design
Attempting to get a license for feature 'Implementation' and/or device 'xc7a35t'
INFO: [Common 17-349] Got license for feature 'Implementation' and/or device 'xc7a35t'
Running DRC as a precondition to command opt_design

Starting DRC Task
INFO: [DRC 23-27] Running DRC with 2 threads
INFO: [Project 1-461] DRC finished with 0 Errors
INFO: [Project 1-462] Please refer to the DRC report (report_drc) for more information.

Time (s): cpu = 00:00:01 ; elapsed = 00:00:00.519 . Memory (MB): peak = 501.086 ; gain = 7.570
INFO: [Timing 38-35] Done setting XDC timing constraints.

Starting Logic Optimization Task
Implement Debug Cores | Checksum: 1456b897c

Phase 1 Retarget
INFO: [Opt 31-138] Pushed 0 inverter(s) to 0 load pin(s).
INFO: [Opt 31-49] Retargeted 0 cell(s).
Phase 1 Retarget | Checksum: 1456b897c

Time (s): cpu = 00:00:00 ; elapsed = 00:00:00.080 . Memory (MB): peak = 970.773 ; gain = 0.000

Phase 2 Constant propagation
INFO: [Opt 31-138] Pushed 0 inverter(s) to 0 load pin(s).
INFO: [Opt 31-10] Eliminated 0 cells.
Phase 2 Constant propagation | Checksum: 1456b897c

Time (s): cpu = 00:00:00 ; elapsed = 00:00:00.140 . Memory (MB): peak = 970.773 ; gain = 0.000

Phase 3 Sweep
INFO: [Opt 31-12] Eliminated 0 unconnected nets.
INFO: [Opt 31-11] Eliminated 0 unconnected cells.
Phase 3 Sweep | Checksum: 1456b897c

Time (s): cpu = 00:00:00 ; elapsed = 00:00:00.170 . Memory (MB): peak = 970.773 ; gain = 0.000

Phase 4 BUFG optimization
INFO: [Opt 31-12] Eliminated 0 unconnected nets.
INFO: [Opt 31-11] Eliminated 0 unconnected cells.
Phase 4 BUFG optimization | Checksum: 1456b897c

Time (s): cpu = 00:00:00 ; elapsed = 00:00:00.190 . Memory (MB): peak = 970.773 ; gain = 0.000

Starting Connectivity Check Task

Time (s): cpu = 00:00:00 ; elapsed = 00:00:00 . Memory (MB): peak = 970.773 ; gain = 0.000
Ending Logic Optimization Task | Checksum: 1456b897c

Time (s): cpu = 00:00:00 ; elapsed = 00:00:00.200 . Memory (MB): peak = 970.773 ; gain = 0.000

Starting Power Optimization Task
INFO: [Pwropt 34-132] Skipping clock gating for clocks with a period < 2.00 ns.
Ending Power Optimization Task | Checksum: 1456b897c

Time (s): cpu = 00:00:00 ; elapsed = 00:00:00.060 . Memory (MB): peak = 970.773 ; gain = 0.000
INFO: [Common 17-83] Releasing license: Implementation
23 Infos, 0 Warnings, 0 Critical Warnings and 0 Errors encountered.
opt_design completed successfully
opt_design: Time (s): cpu = 00:00:10 ; elapsed = 00:00:10 . Memory (MB): peak = 970.773 ; gain = 477.258
Writing placer database...
Writing XDEF routing.
Writing XDEF routing logical nets.
Writing XDEF routing special nets.
Write XDEF Complete: Time (s): cpu = 00:00:00 ; elapsed = 00:00:00.040 . Memory (MB): peak = 970.773 ; gain = 0.000
INFO: [Common 17-1381] The checkpoint 'C:/Users/2192600/ConfigurableEletronic/ClassPL1 - Lab1-20200220/Lab1/Lab1.runs/impl_1/lab1_opt.dcp' has been generated.
INFO: [DRC 23-27] Running DRC with 2 threads
INFO: [Coretcl 2-168] The results of DRC are in file C:/Users/2192600/ConfigurableEletronic/ClassPL1 - Lab1-20200220/Lab1/Lab1.runs/impl_1/lab1_drc_opted.rpt.
INFO: [Chipscope 16-241] No debug cores found in the current design.
Before running the implement_debug_core command, either use the Set Up Debug wizard (GUI mode)
or use the create_debug_core and connect_debug_core Tcl commands to insert debug cores into the design.
Command: place_design
Attempting to get a license for feature 'Implementation' and/or device 'xc7a35t'
INFO: [Common 17-349] Got license for feature 'Implementation' and/or device 'xc7a35t'
INFO: [DRC 23-27] Running DRC with 2 threads
INFO: [Vivado_Tcl 4-198] DRC finished with 0 Errors
INFO: [Vivado_Tcl 4-199] Please refer to the DRC report (report_drc) for more information.
Running DRC as a precondition to command place_design
INFO: [DRC 23-27] Running DRC with 2 threads
INFO: [Vivado_Tcl 4-198] DRC finished with 0 Errors
INFO: [Vivado_Tcl 4-199] Please refer to the DRC report (report_drc) for more information.

Starting Placer Task
INFO: [Place 30-611] Multithreading enabled for place_design using a maximum of 2 CPUs

Phase 1 Placer Initialization
Netlist sorting complete. Time (s): cpu = 00:00:00 ; elapsed = 00:00:00 . Memory (MB): peak = 970.773 ; gain = 0.000
Netlist sorting complete. Time (s): cpu = 00:00:00 ; elapsed = 00:00:00.010 . Memory (MB): peak = 970.773 ; gain = 0.000

Phase 1.1 IO Placement/ Clock Placement/ Build Placer Device
INFO: [Timing 38-35] Done setting XDC timing constraints.
Phase 1.1 IO Placement/ Clock Placement/ Build Placer Device | Checksum: a1ad31da

Time (s): cpu = 00:00:01 ; elapsed = 00:00:00.877 . Memory (MB): peak = 991.238 ; gain = 20.465

Phase 1.2 Build Placer Netlist Model
Phase 1.2 Build Placer Netlist Model | Checksum: ca90f48b

Time (s): cpu = 00:00:01 ; elapsed = 00:00:01 . Memory (MB): peak = 991.238 ; gain = 20.465

Phase 1.3 Constrain Clocks/Macros
Phase 1.3 Constrain Clocks/Macros | Checksum: ca90f48b

Time (s): cpu = 00:00:01 ; elapsed = 00:00:01 . Memory (MB): peak = 991.238 ; gain = 20.465
Phase 1 Placer Initialization | Checksum: ca90f48b

Time (s): cpu = 00:00:01 ; elapsed = 00:00:01 . Memory (MB): peak = 991.238 ; gain = 20.465

Phase 2 Global Placement
Phase 2 Global Placement | Checksum: 11a17dd28

Time (s): cpu = 00:00:01 ; elapsed = 00:00:01 . Memory (MB): peak = 991.238 ; gain = 20.465

Phase 3 Detail Placement

Phase 3.1 Commit Multi Column Macros
Phase 3.1 Commit Multi Column Macros | Checksum: 11a17dd28

Time (s): cpu = 00:00:01 ; elapsed = 00:00:01 . Memory (MB): peak = 991.238 ; gain = 20.465

Phase 3.2 Commit Most Macros & LUTRAMs
Phase 3.2 Commit Most Macros & LUTRAMs | Checksum: fe2a4c47

Time (s): cpu = 00:00:01 ; elapsed = 00:00:01 . Memory (MB): peak = 991.238 ; gain = 20.465

Phase 3.3 Area Swap Optimization
Phase 3.3 Area Swap Optimization | Checksum: e89e7b73

Time (s): cpu = 00:00:01 ; elapsed = 00:00:01 . Memory (MB): peak = 991.238 ; gain = 20.465

Phase 3.4 Pipeline Register Optimization
Phase 3.4 Pipeline Register Optimization | Checksum: e89e7b73

Time (s): cpu = 00:00:01 ; elapsed = 00:00:01 . Memory (MB): peak = 991.238 ; gain = 20.465

Phase 3.5 Small Shape Detail Placement
Phase 3.5 Small Shape Detail Placement | Checksum: 1c73aa454

Time (s): cpu = 00:00:01 ; elapsed = 00:00:02 . Memory (MB): peak = 991.238 ; gain = 20.465

Phase 3.6 Re-assign LUT pins
Phase 3.6 Re-assign LUT pins | Checksum: 1c73aa454

Time (s): cpu = 00:00:01 ; elapsed = 00:00:02 . Memory (MB): peak = 991.238 ; gain = 20.465

Phase 3.7 Pipeline Register Optimization
Phase 3.7 Pipeline Register Optimization | Checksum: 1c73aa454

Time (s): cpu = 00:00:01 ; elapsed = 00:00:02 . Memory (MB): peak = 991.238 ; gain = 20.465
Phase 3 Detail Placement | Checksum: 1c73aa454

Time (s): cpu = 00:00:01 ; elapsed = 00:00:02 . Memory (MB): peak = 991.238 ; gain = 20.465

Phase 4 Post Placement Optimization and Clean-Up

Phase 4.1 Post Commit Optimization
Phase 4.1 Post Commit Optimization | Checksum: 1c73aa454

Time (s): cpu = 00:00:01 ; elapsed = 00:00:02 . Memory (MB): peak = 991.238 ; gain = 20.465

Phase 4.2 Post Placement Cleanup
Phase 4.2 Post Placement Cleanup | Checksum: 1c73aa454

Time (s): cpu = 00:00:01 ; elapsed = 00:00:02 . Memory (MB): peak = 991.238 ; gain = 20.465

Phase 4.3 Placer Reporting
Phase 4.3 Placer Reporting | Checksum: 1c73aa454

Time (s): cpu = 00:00:01 ; elapsed = 00:00:02 . Memory (MB): peak = 991.238 ; gain = 20.465

Phase 4.4 Final Placement Cleanup
Phase 4.4 Final Placement Cleanup | Checksum: 1c73aa454

Time (s): cpu = 00:00:01 ; elapsed = 00:00:02 . Memory (MB): peak = 991.238 ; gain = 20.465
Phase 4 Post Placement Optimization and Clean-Up | Checksum: 1c73aa454

Time (s): cpu = 00:00:01 ; elapsed = 00:00:02 . Memory (MB): peak = 991.238 ; gain = 20.465
Ending Placer Task | Checksum: 109e902a5

Time (s): cpu = 00:00:01 ; elapsed = 00:00:02 . Memory (MB): peak = 991.238 ; gain = 20.465
INFO: [Common 17-83] Releasing license: Implementation
37 Infos, 0 Warnings, 0 Critical Warnings and 0 Errors encountered.
place_design completed successfully
Writing placer database...
Writing XDEF routing.
Writing XDEF routing logical nets.
Writing XDEF routing special nets.
Write XDEF Complete: Time (s): cpu = 00:00:00 ; elapsed = 00:00:00.030 . Memory (MB): peak = 991.238 ; gain = 0.000
INFO: [Common 17-1381] The checkpoint 'C:/Users/2192600/ConfigurableEletronic/ClassPL1 - Lab1-20200220/Lab1/Lab1.runs/impl_1/lab1_placed.dcp' has been generated.
report_io: Time (s): cpu = 00:00:00 ; elapsed = 00:00:00.070 . Memory (MB): peak = 991.238 ; gain = 0.000
report_utilization: Time (s): cpu = 00:00:00 ; elapsed = 00:00:00.020 . Memory (MB): peak = 991.238 ; gain = 0.000
report_control_sets: Time (s): cpu = 00:00:00 ; elapsed = 00:00:00.020 . Memory (MB): peak = 991.238 ; gain = 0.000
Command: route_design
Attempting to get a license for feature 'Implementation' and/or device 'xc7a35t'
INFO: [Common 17-349] Got license for feature 'Implementation' and/or device 'xc7a35t'
Running DRC as a precondition to command route_design
INFO: [DRC 23-27] Running DRC with 2 threads
INFO: [Vivado_Tcl 4-198] DRC finished with 0 Errors
INFO: [Vivado_Tcl 4-199] Please refer to the DRC report (report_drc) for more information.


Starting Routing Task
INFO: [Route 35-254] Multithreading enabled for route_design using a maximum of 2 CPUs
Checksum: PlaceDB: d2922c3f ConstDB: 0 ShapeSum: 3756d666 RouteDB: 0

Phase 1 Build RT Design
Phase 1 Build RT Design | Checksum: 1108c9cab

Time (s): cpu = 00:00:20 ; elapsed = 00:00:18 . Memory (MB): peak = 1085.551 ; gain = 94.313

Phase 2 Router Initialization
INFO: [Route 35-64] No timing constraints were detected. The router will operate in resource-optimization mode.

Phase 2.1 Fix Topology Constraints
Phase 2.1 Fix Topology Constraints | Checksum: 1108c9cab

Time (s): cpu = 00:00:20 ; elapsed = 00:00:18 . Memory (MB): peak = 1091.238 ; gain = 100.000

Phase 2.2 Pre Route Cleanup
Phase 2.2 Pre Route Cleanup | Checksum: 1108c9cab

Time (s): cpu = 00:00:20 ; elapsed = 00:00:18 . Memory (MB): peak = 1091.238 ; gain = 100.000
 Number of Nodes with overlaps = 0
Phase 2 Router Initialization | Checksum: 2aaf3a34

Time (s): cpu = 00:00:20 ; elapsed = 00:00:18 . Memory (MB): peak = 1092.414 ; gain = 101.176

Phase 3 Initial Routing
Phase 3 Initial Routing | Checksum: a910406d

Time (s): cpu = 00:00:21 ; elapsed = 00:00:18 . Memory (MB): peak = 1092.414 ; gain = 101.176

Phase 4 Rip-up And Reroute

Phase 4.1 Global Iteration 0
 Number of Nodes with overlaps = 0
Phase 4.1 Global Iteration 0 | Checksum: d1acdff0

Time (s): cpu = 00:00:21 ; elapsed = 00:00:18 . Memory (MB): peak = 1092.414 ; gain = 101.176
Phase 4 Rip-up And Reroute | Checksum: d1acdff0

Time (s): cpu = 00:00:21 ; elapsed = 00:00:18 . Memory (MB): peak = 1092.414 ; gain = 101.176

Phase 5 Delay and Skew Optimization
Phase 5 Delay and Skew Optimization | Checksum: d1acdff0

Time (s): cpu = 00:00:21 ; elapsed = 00:00:18 . Memory (MB): peak = 1092.414 ; gain = 101.176

Phase 6 Post Hold Fix

Phase 6.1 Hold Fix Iter
Phase 6.1 Hold Fix Iter | Checksum: d1acdff0

Time (s): cpu = 00:00:21 ; elapsed = 00:00:18 . Memory (MB): peak = 1092.414 ; gain = 101.176
Phase 6 Post Hold Fix | Checksum: d1acdff0

Time (s): cpu = 00:00:21 ; elapsed = 00:00:18 . Memory (MB): peak = 1092.414 ; gain = 101.176

Phase 7 Route finalize

Router Utilization Summary
  Global Vertical Routing Utilization    = 0.00741449 %
  Global Horizontal Routing Utilization  = 0.00221239 %
  Routable Net Status*
  *Does not include unroutable nets such as driverless and loadless.
  Run report_route_status for detailed report.
  Number of Failed Nets               = 0
  Number of Unrouted Nets             = 0
  Number of Partially Routed Nets     = 0
  Number of Node Overlaps             = 0

Congestion Report
North Dir 1x1 Area, Max Cong = 6.30631%, No Congested Regions.
South Dir 1x1 Area, Max Cong = 10.8108%, No Congested Regions.
East Dir 1x1 Area, Max Cong = 2.94118%, No Congested Regions.
West Dir 1x1 Area, Max Cong = 2.94118%, No Congested Regions.
Phase 7 Route finalize | Checksum: d1acdff0

Time (s): cpu = 00:00:21 ; elapsed = 00:00:18 . Memory (MB): peak = 1092.414 ; gain = 101.176

Phase 8 Verifying routed nets

 Verification completed successfully
Phase 8 Verifying routed nets | Checksum: d1acdff0

Time (s): cpu = 00:00:21 ; elapsed = 00:00:18 . Memory (MB): peak = 1092.746 ; gain = 101.508

Phase 9 Depositing Routes
Phase 9 Depositing Routes | Checksum: 9d663016

Time (s): cpu = 00:00:21 ; elapsed = 00:00:18 . Memory (MB): peak = 1092.746 ; gain = 101.508
INFO: [Route 35-16] Router Completed Successfully

Time (s): cpu = 00:00:21 ; elapsed = 00:00:18 . Memory (MB): peak = 1092.746 ; gain = 101.508

Routing Is Done.
INFO: [Common 17-83] Releasing license: Implementation
46 Infos, 0 Warnings, 0 Critical Warnings and 0 Errors encountered.
route_design completed successfully
route_design: Time (s): cpu = 00:00:22 ; elapsed = 00:00:19 . Memory (MB): peak = 1092.746 ; gain = 101.508
Writing placer database...
Writing XDEF routing.
Writing XDEF routing logical nets.
Writing XDEF routing special nets.
Write XDEF Complete: Time (s): cpu = 00:00:00 ; elapsed = 00:00:00.050 . Memory (MB): peak = 1092.746 ; gain = 0.000
INFO: [Common 17-1381] The checkpoint 'C:/Users/2192600/ConfigurableEletronic/ClassPL1 - Lab1-20200220/Lab1/Lab1.runs/impl_1/lab1_routed.dcp' has been generated.
INFO: [DRC 23-27] Running DRC with 2 threads
INFO: [Coretcl 2-168] The results of DRC are in file C:/Users/2192600/ConfigurableEletronic/ClassPL1 - Lab1-20200220/Lab1/Lab1.runs/impl_1/lab1_drc_routed.rpt.
INFO: [Timing 38-35] Done setting XDC timing constraints.
INFO: [DRC 23-133] Running Methodology with 2 threads
INFO: [Coretcl 2-1520] The results of Report Methodology are in file C:/Users/2192600/ConfigurableEletronic/ClassPL1 - Lab1-20200220/Lab1/Lab1.runs/impl_1/lab1_methodology_drc_routed.rpt.
INFO: [Timing 38-35] Done setting XDC timing constraints.
INFO: [Timing 38-91] UpdateTimingParams: Speed grade: -1, Delay Type: min_max.
INFO: [Timing 38-191] Multithreading enabled for timing update using a maximum of 2 CPUs
INFO: [Timing 38-35] Done setting XDC timing constraints.
WARNING: [Timing 38-313] There are no user specified timing constraints. Timing constraints are needed for proper timing analysis.
Command: report_power -file lab1_power_routed.rpt -pb lab1_power_summary_routed.pb -rpx lab1_power_routed.rpx
WARNING: [Power 33-232] No user defined clocks were found in the design!
Resolution: Please specify clocks using create_clock/create_generated_clock for sequential elements. For pure combinatorial circuits, please specify a virtual clock, otherwise the vectorless estimation might be inaccurate
Running Vector-less Activity Propagation...

Finished Running Vector-less Activity Propagation
56 Infos, 2 Warnings, 0 Critical Warnings and 0 Errors encountered.
report_power completed successfully
INFO: [Common 17-206] Exiting Vivado at Thu Feb 20 22:24:09 2020...
