
*** Running vivado
    with args -log fir8_test.vdi -applog -m64 -product Vivado -messageDb vivado.pb -mode batch -source fir8_test.tcl -notrace


****** Vivado v2019.2 (64-bit)
  **** SW Build 2708876 on Wed Nov  6 21:40:23 MST 2019
  **** IP Build 2700528 on Thu Nov  7 00:09:20 MST 2019
    ** Copyright 1986-2019 Xilinx, Inc. All Rights Reserved.

source fir8_test.tcl -notrace
Command: link_design -top fir8_test -part xc7a35tcpg236-1
Design is defaulting to srcset: sources_1
Design is defaulting to constrset: constrs_1
INFO: [Device 21-403] Loading part xc7a35tcpg236-1
Netlist sorting complete. Time (s): cpu = 00:00:00 ; elapsed = 00:00:00.006 . Memory (MB): peak = 565.855 ; gain = 0.000
INFO: [Netlist 29-17] Analyzing 55 Unisim elements for replacement
INFO: [Netlist 29-28] Unisim Transformation completed in 0 CPU seconds
INFO: [Project 1-479] Netlist was created with Vivado 2019.2
INFO: [Project 1-570] Preparing netlist for logic optimization
Parsing XDC File [C:/Users/ricar/Desktop/EConfig/Trabalhos/proj/P1_Sources/fir8_test_timing.xdc]
INFO: [Constraints 18-483] create_clock: no pin(s)/port(s)/net(s) specified as objects, only virtual clock 'virtual_clock' will be created. If you don't want this, please specify pin(s)/ports(s)/net(s) as objects to the command. [C:/Users/ricar/Desktop/EConfig/Trabalhos/proj/P1_Sources/fir8_test_timing.xdc:13]
Finished Parsing XDC File [C:/Users/ricar/Desktop/EConfig/Trabalhos/proj/P1_Sources/fir8_test_timing.xdc]
INFO: [Opt 31-138] Pushed 0 inverter(s) to 0 load pin(s).
Netlist sorting complete. Time (s): cpu = 00:00:00 ; elapsed = 00:00:00 . Memory (MB): peak = 687.828 ; gain = 0.000
INFO: [Project 1-111] Unisim Transformation Summary:
No Unisim elements were transformed.

8 Infos, 0 Warnings, 0 Critical Warnings and 0 Errors encountered.
link_design completed successfully
link_design: Time (s): cpu = 00:00:06 ; elapsed = 00:00:06 . Memory (MB): peak = 687.828 ; gain = 386.789
Command: opt_design
Attempting to get a license for feature 'Implementation' and/or device 'xc7a35t'
INFO: [Common 17-349] Got license for feature 'Implementation' and/or device 'xc7a35t'
Running DRC as a precondition to command opt_design

Starting DRC Task
INFO: [DRC 23-27] Running DRC with 2 threads
INFO: [Project 1-461] DRC finished with 0 Errors
INFO: [Project 1-462] Please refer to the DRC report (report_drc) for more information.

Time (s): cpu = 00:00:01 ; elapsed = 00:00:00.727 . Memory (MB): peak = 707.813 ; gain = 19.984

Starting Cache Timing Information Task
INFO: [Constraints 18-483] create_clock: no pin(s)/port(s)/net(s) specified as objects, only virtual clock 'virtual_clock' will be created. If you don't want this, please specify pin(s)/ports(s)/net(s) as objects to the command. [C:/Users/ricar/Desktop/EConfig/Trabalhos/proj/P1_Sources/fir8_test_timing.xdc:13]
INFO: [Timing 38-35] Done setting XDC timing constraints.
Ending Cache Timing Information Task | Checksum: 10ba098c2

Time (s): cpu = 00:00:10 ; elapsed = 00:00:10 . Memory (MB): peak = 1218.500 ; gain = 510.688

Starting Logic Optimization Task

Phase 1 Retarget
INFO: [Opt 31-138] Pushed 0 inverter(s) to 0 load pin(s).
INFO: [Opt 31-49] Retargeted 0 cell(s).
Phase 1 Retarget | Checksum: 10ba098c2

Time (s): cpu = 00:00:00 ; elapsed = 00:00:00.044 . Memory (MB): peak = 1413.477 ; gain = 0.000
INFO: [Opt 31-389] Phase Retarget created 0 cells and removed 0 cells

Phase 2 Constant propagation
INFO: [Opt 31-138] Pushed 0 inverter(s) to 0 load pin(s).
Phase 2 Constant propagation | Checksum: 10ba098c2

Time (s): cpu = 00:00:00 ; elapsed = 00:00:00.055 . Memory (MB): peak = 1413.477 ; gain = 0.000
INFO: [Opt 31-389] Phase Constant propagation created 0 cells and removed 0 cells

Phase 3 Sweep
Phase 3 Sweep | Checksum: 1386ad73d

Time (s): cpu = 00:00:00 ; elapsed = 00:00:00.089 . Memory (MB): peak = 1413.477 ; gain = 0.000
INFO: [Opt 31-389] Phase Sweep created 14 cells and removed 0 cells

Phase 4 BUFG optimization
INFO: [Opt 31-1112] Starts optimizing BUFG(s) with a common MMCM/DPLL/XPLL driver.
INFO: [Opt 31-1112] Starts optimizing BUFG(s) with a common driver.
INFO: [Opt 31-1092] Phase BUFG optimization transformed 0 BUFG(s) to MBUFG(s).
Phase 4 BUFG optimization | Checksum: 1386ad73d

Time (s): cpu = 00:00:00 ; elapsed = 00:00:00.107 . Memory (MB): peak = 1413.477 ; gain = 0.000
INFO: [Opt 31-662] Phase BUFG optimization created 0 cells of which 0 are BUFGs and removed 0 cells.

Phase 5 Shift Register Optimization
INFO: [Opt 31-1064] SRL Remap converted 0 SRLs to 0 registers and converted 0 registers of register chains to 0 SRLs
Phase 5 Shift Register Optimization | Checksum: 1386ad73d

Time (s): cpu = 00:00:01 ; elapsed = 00:00:00.118 . Memory (MB): peak = 1413.477 ; gain = 0.000
INFO: [Opt 31-389] Phase Shift Register Optimization created 0 cells and removed 0 cells

Phase 6 Post Processing Netlist
Phase 6 Post Processing Netlist | Checksum: 1386ad73d

Time (s): cpu = 00:00:01 ; elapsed = 00:00:00.122 . Memory (MB): peak = 1413.477 ; gain = 0.000
INFO: [Opt 31-389] Phase Post Processing Netlist created 0 cells and removed 0 cells
Opt_design Change Summary
=========================


-------------------------------------------------------------------------------------------------------------------------
|  Phase                        |  #Cells created  |  #Cells Removed  |  #Constrained objects preventing optimizations  |
-------------------------------------------------------------------------------------------------------------------------
|  Retarget                     |               0  |               0  |                                              0  |
|  Constant propagation         |               0  |               0  |                                              0  |
|  Sweep                        |              14  |               0  |                                              0  |
|  BUFG optimization            |               0  |               0  |                                              0  |
|  Shift Register Optimization  |               0  |               0  |                                              0  |
|  Post Processing Netlist      |               0  |               0  |                                              0  |
-------------------------------------------------------------------------------------------------------------------------



Starting Connectivity Check Task

Time (s): cpu = 00:00:00 ; elapsed = 00:00:00.001 . Memory (MB): peak = 1413.477 ; gain = 0.000
Ending Logic Optimization Task | Checksum: c92fe797

Time (s): cpu = 00:00:01 ; elapsed = 00:00:00.162 . Memory (MB): peak = 1413.477 ; gain = 0.000

Starting Power Optimization Task
INFO: [Pwropt 34-132] Skipping clock gating for clocks with a period < 2.00 ns.
INFO: [Constraints 18-483] create_clock: no pin(s)/port(s)/net(s) specified as objects, only virtual clock 'virtual_clock' will be created. If you don't want this, please specify pin(s)/ports(s)/net(s) as objects to the command. [C:/Users/ricar/Desktop/EConfig/Trabalhos/proj/P1_Sources/fir8_test_timing.xdc:13]
INFO: [Timing 38-35] Done setting XDC timing constraints.
INFO: [Pwropt 34-9] Applying IDT optimizations ...
INFO: [Pwropt 34-10] Applying ODC optimizations ...
INFO: [Physopt 32-619] Estimated Timing Summary | WNS=3.057 | TNS=0.000 |
Running Vector-less Activity Propagation...

Finished Running Vector-less Activity Propagation


Starting PowerOpt Patch Enables Task
INFO: [Pwropt 34-162] WRITE_MODE attribute of 0 BRAM(s) out of a total of 4 has been updated to save power. Run report_power_opt to get a complete listing of the BRAMs updated.
INFO: [Pwropt 34-201] Structural ODC has moved 0 WE to EN ports
Number of BRAM Ports augmented: 0 newly gated: 0 Total Ports: 8
Ending PowerOpt Patch Enables Task | Checksum: c92fe797

Time (s): cpu = 00:00:00 ; elapsed = 00:00:00.025 . Memory (MB): peak = 1558.840 ; gain = 0.000
Ending Power Optimization Task | Checksum: c92fe797

Time (s): cpu = 00:00:01 ; elapsed = 00:00:01 . Memory (MB): peak = 1558.840 ; gain = 145.363

Starting Final Cleanup Task
Ending Final Cleanup Task | Checksum: c92fe797

Time (s): cpu = 00:00:00 ; elapsed = 00:00:00 . Memory (MB): peak = 1558.840 ; gain = 0.000

Starting Netlist Obfuscation Task
Netlist sorting complete. Time (s): cpu = 00:00:00 ; elapsed = 00:00:00 . Memory (MB): peak = 1558.840 ; gain = 0.000
Ending Netlist Obfuscation Task | Checksum: c92fe797

Time (s): cpu = 00:00:00 ; elapsed = 00:00:00 . Memory (MB): peak = 1558.840 ; gain = 0.000
INFO: [Common 17-83] Releasing license: Implementation
36 Infos, 0 Warnings, 0 Critical Warnings and 0 Errors encountered.
opt_design completed successfully
opt_design: Time (s): cpu = 00:00:15 ; elapsed = 00:00:15 . Memory (MB): peak = 1558.840 ; gain = 871.012
Netlist sorting complete. Time (s): cpu = 00:00:00 ; elapsed = 00:00:00 . Memory (MB): peak = 1558.840 ; gain = 0.000
INFO: [Timing 38-480] Writing timing data to binary archive.
INFO: [Common 17-1381] The checkpoint 'C:/Users/ricar/Desktop/EConfig/Trabalhos/proj/FLP_proj/FLP_proj.runs/impl_99/fir8_test_opt.dcp' has been generated.
INFO: [runtcl-4] Executing : report_drc -file fir8_test_drc_opted.rpt -pb fir8_test_drc_opted.pb -rpx fir8_test_drc_opted.rpx
Command: report_drc -file fir8_test_drc_opted.rpt -pb fir8_test_drc_opted.pb -rpx fir8_test_drc_opted.rpx
INFO: [IP_Flow 19-234] Refreshing IP repositories
INFO: [IP_Flow 19-1704] No user IP repositories specified
INFO: [IP_Flow 19-2313] Loaded Vivado IP repository 'D:/Programas/Xilinx/Vivado/2019.2/data/ip'.
INFO: [DRC 23-27] Running DRC with 2 threads
INFO: [Coretcl 2-168] The results of DRC are in file C:/Users/ricar/Desktop/EConfig/Trabalhos/proj/FLP_proj/FLP_proj.runs/impl_99/fir8_test_drc_opted.rpt.
report_drc completed successfully
Command: place_design
Attempting to get a license for feature 'Implementation' and/or device 'xc7a35t'
INFO: [Common 17-349] Got license for feature 'Implementation' and/or device 'xc7a35t'
INFO: [DRC 23-27] Running DRC with 2 threads
INFO: [Vivado_Tcl 4-198] DRC finished with 0 Errors
INFO: [Vivado_Tcl 4-199] Please refer to the DRC report (report_drc) for more information.
Running DRC as a precondition to command place_design
INFO: [DRC 23-27] Running DRC with 2 threads
WARNING: [DRC CHECK-3] Report rule limit reached: REQP-1839 rule limit reached: 20 violations have been found.
WARNING: [DRC REQP-1839] RAMB36 async control check: The RAMB36E1 dds_sine_i3/lut_addr_reg_0 has an input control pin dds_sine_i3/lut_addr_reg_0/ADDRARDADDR[10] (net: dds_sine_i3/sel[8]) which is driven by a register (dds_sine_i3/r_nco_reg[27]) that has an active asychronous set or reset. This may cause corruption of the memory contents and/or read values when the set/reset is asserted and is not analyzed by the default static timing analysis. It is suggested to eliminate the use of a set/reset to registers driving this RAMB pin or else use a synchronous reset in which the assertion of the reset is timed by default.
WARNING: [DRC REQP-1839] RAMB36 async control check: The RAMB36E1 dds_sine_i3/lut_addr_reg_0 has an input control pin dds_sine_i3/lut_addr_reg_0/ADDRARDADDR[11] (net: dds_sine_i3/sel[9]) which is driven by a register (dds_sine_i3/r_nco_reg[28]) that has an active asychronous set or reset. This may cause corruption of the memory contents and/or read values when the set/reset is asserted and is not analyzed by the default static timing analysis. It is suggested to eliminate the use of a set/reset to registers driving this RAMB pin or else use a synchronous reset in which the assertion of the reset is timed by default.
WARNING: [DRC REQP-1839] RAMB36 async control check: The RAMB36E1 dds_sine_i3/lut_addr_reg_0 has an input control pin dds_sine_i3/lut_addr_reg_0/ADDRARDADDR[12] (net: dds_sine_i3/sel[10]) which is driven by a register (dds_sine_i3/r_nco_reg[29]) that has an active asychronous set or reset. This may cause corruption of the memory contents and/or read values when the set/reset is asserted and is not analyzed by the default static timing analysis. It is suggested to eliminate the use of a set/reset to registers driving this RAMB pin or else use a synchronous reset in which the assertion of the reset is timed by default.
WARNING: [DRC REQP-1839] RAMB36 async control check: The RAMB36E1 dds_sine_i3/lut_addr_reg_0 has an input control pin dds_sine_i3/lut_addr_reg_0/ADDRARDADDR[13] (net: dds_sine_i3/sel[11]) which is driven by a register (dds_sine_i3/r_nco_reg[30]) that has an active asychronous set or reset. This may cause corruption of the memory contents and/or read values when the set/reset is asserted and is not analyzed by the default static timing analysis. It is suggested to eliminate the use of a set/reset to registers driving this RAMB pin or else use a synchronous reset in which the assertion of the reset is timed by default.
WARNING: [DRC REQP-1839] RAMB36 async control check: The RAMB36E1 dds_sine_i3/lut_addr_reg_0 has an input control pin dds_sine_i3/lut_addr_reg_0/ADDRARDADDR[14] (net: dds_sine_i3/sel[12]) which is driven by a register (dds_sine_i3/r_nco_reg[31]) that has an active asychronous set or reset. This may cause corruption of the memory contents and/or read values when the set/reset is asserted and is not analyzed by the default static timing analysis. It is suggested to eliminate the use of a set/reset to registers driving this RAMB pin or else use a synchronous reset in which the assertion of the reset is timed by default.
WARNING: [DRC REQP-1839] RAMB36 async control check: The RAMB36E1 dds_sine_i3/lut_addr_reg_0 has an input control pin dds_sine_i3/lut_addr_reg_0/ADDRARDADDR[2] (net: dds_sine_i3/sel[0]) which is driven by a register (dds_sine_i3/r_nco_reg[19]) that has an active asychronous set or reset. This may cause corruption of the memory contents and/or read values when the set/reset is asserted and is not analyzed by the default static timing analysis. It is suggested to eliminate the use of a set/reset to registers driving this RAMB pin or else use a synchronous reset in which the assertion of the reset is timed by default.
WARNING: [DRC REQP-1839] RAMB36 async control check: The RAMB36E1 dds_sine_i3/lut_addr_reg_0 has an input control pin dds_sine_i3/lut_addr_reg_0/ADDRARDADDR[3] (net: dds_sine_i3/sel[1]) which is driven by a register (dds_sine_i3/r_nco_reg[20]) that has an active asychronous set or reset. This may cause corruption of the memory contents and/or read values when the set/reset is asserted and is not analyzed by the default static timing analysis. It is suggested to eliminate the use of a set/reset to registers driving this RAMB pin or else use a synchronous reset in which the assertion of the reset is timed by default.
WARNING: [DRC REQP-1839] RAMB36 async control check: The RAMB36E1 dds_sine_i3/lut_addr_reg_0 has an input control pin dds_sine_i3/lut_addr_reg_0/ADDRARDADDR[4] (net: dds_sine_i3/sel[2]) which is driven by a register (dds_sine_i3/r_nco_reg[21]) that has an active asychronous set or reset. This may cause corruption of the memory contents and/or read values when the set/reset is asserted and is not analyzed by the default static timing analysis. It is suggested to eliminate the use of a set/reset to registers driving this RAMB pin or else use a synchronous reset in which the assertion of the reset is timed by default.
WARNING: [DRC REQP-1839] RAMB36 async control check: The RAMB36E1 dds_sine_i3/lut_addr_reg_0 has an input control pin dds_sine_i3/lut_addr_reg_0/ADDRARDADDR[5] (net: dds_sine_i3/sel[3]) which is driven by a register (dds_sine_i3/r_nco_reg[22]) that has an active asychronous set or reset. This may cause corruption of the memory contents and/or read values when the set/reset is asserted and is not analyzed by the default static timing analysis. It is suggested to eliminate the use of a set/reset to registers driving this RAMB pin or else use a synchronous reset in which the assertion of the reset is timed by default.
WARNING: [DRC REQP-1839] RAMB36 async control check: The RAMB36E1 dds_sine_i3/lut_addr_reg_0 has an input control pin dds_sine_i3/lut_addr_reg_0/ADDRARDADDR[6] (net: dds_sine_i3/sel[4]) which is driven by a register (dds_sine_i3/r_nco_reg[23]) that has an active asychronous set or reset. This may cause corruption of the memory contents and/or read values when the set/reset is asserted and is not analyzed by the default static timing analysis. It is suggested to eliminate the use of a set/reset to registers driving this RAMB pin or else use a synchronous reset in which the assertion of the reset is timed by default.
WARNING: [DRC REQP-1839] RAMB36 async control check: The RAMB36E1 dds_sine_i3/lut_addr_reg_0 has an input control pin dds_sine_i3/lut_addr_reg_0/ADDRARDADDR[7] (net: dds_sine_i3/sel[5]) which is driven by a register (dds_sine_i3/r_nco_reg[24]) that has an active asychronous set or reset. This may cause corruption of the memory contents and/or read values when the set/reset is asserted and is not analyzed by the default static timing analysis. It is suggested to eliminate the use of a set/reset to registers driving this RAMB pin or else use a synchronous reset in which the assertion of the reset is timed by default.
WARNING: [DRC REQP-1839] RAMB36 async control check: The RAMB36E1 dds_sine_i3/lut_addr_reg_0 has an input control pin dds_sine_i3/lut_addr_reg_0/ADDRARDADDR[8] (net: dds_sine_i3/sel[6]) which is driven by a register (dds_sine_i3/r_nco_reg[25]) that has an active asychronous set or reset. This may cause corruption of the memory contents and/or read values when the set/reset is asserted and is not analyzed by the default static timing analysis. It is suggested to eliminate the use of a set/reset to registers driving this RAMB pin or else use a synchronous reset in which the assertion of the reset is timed by default.
WARNING: [DRC REQP-1839] RAMB36 async control check: The RAMB36E1 dds_sine_i3/lut_addr_reg_0 has an input control pin dds_sine_i3/lut_addr_reg_0/ADDRARDADDR[9] (net: dds_sine_i3/sel[7]) which is driven by a register (dds_sine_i3/r_nco_reg[26]) that has an active asychronous set or reset. This may cause corruption of the memory contents and/or read values when the set/reset is asserted and is not analyzed by the default static timing analysis. It is suggested to eliminate the use of a set/reset to registers driving this RAMB pin or else use a synchronous reset in which the assertion of the reset is timed by default.
WARNING: [DRC REQP-1839] RAMB36 async control check: The RAMB36E1 dds_sine_i3/lut_addr_reg_1 has an input control pin dds_sine_i3/lut_addr_reg_1/ADDRARDADDR[10] (net: dds_sine_i3/sel[8]) which is driven by a register (dds_sine_i3/r_nco_reg[27]) that has an active asychronous set or reset. This may cause corruption of the memory contents and/or read values when the set/reset is asserted and is not analyzed by the default static timing analysis. It is suggested to eliminate the use of a set/reset to registers driving this RAMB pin or else use a synchronous reset in which the assertion of the reset is timed by default.
WARNING: [DRC REQP-1839] RAMB36 async control check: The RAMB36E1 dds_sine_i3/lut_addr_reg_1 has an input control pin dds_sine_i3/lut_addr_reg_1/ADDRARDADDR[11] (net: dds_sine_i3/sel[9]) which is driven by a register (dds_sine_i3/r_nco_reg[28]) that has an active asychronous set or reset. This may cause corruption of the memory contents and/or read values when the set/reset is asserted and is not analyzed by the default static timing analysis. It is suggested to eliminate the use of a set/reset to registers driving this RAMB pin or else use a synchronous reset in which the assertion of the reset is timed by default.
WARNING: [DRC REQP-1839] RAMB36 async control check: The RAMB36E1 dds_sine_i3/lut_addr_reg_1 has an input control pin dds_sine_i3/lut_addr_reg_1/ADDRARDADDR[12] (net: dds_sine_i3/sel[10]) which is driven by a register (dds_sine_i3/r_nco_reg[29]) that has an active asychronous set or reset. This may cause corruption of the memory contents and/or read values when the set/reset is asserted and is not analyzed by the default static timing analysis. It is suggested to eliminate the use of a set/reset to registers driving this RAMB pin or else use a synchronous reset in which the assertion of the reset is timed by default.
WARNING: [DRC REQP-1839] RAMB36 async control check: The RAMB36E1 dds_sine_i3/lut_addr_reg_1 has an input control pin dds_sine_i3/lut_addr_reg_1/ADDRARDADDR[13] (net: dds_sine_i3/sel[11]) which is driven by a register (dds_sine_i3/r_nco_reg[30]) that has an active asychronous set or reset. This may cause corruption of the memory contents and/or read values when the set/reset is asserted and is not analyzed by the default static timing analysis. It is suggested to eliminate the use of a set/reset to registers driving this RAMB pin or else use a synchronous reset in which the assertion of the reset is timed by default.
WARNING: [DRC REQP-1839] RAMB36 async control check: The RAMB36E1 dds_sine_i3/lut_addr_reg_1 has an input control pin dds_sine_i3/lut_addr_reg_1/ADDRARDADDR[14] (net: dds_sine_i3/sel[12]) which is driven by a register (dds_sine_i3/r_nco_reg[31]) that has an active asychronous set or reset. This may cause corruption of the memory contents and/or read values when the set/reset is asserted and is not analyzed by the default static timing analysis. It is suggested to eliminate the use of a set/reset to registers driving this RAMB pin or else use a synchronous reset in which the assertion of the reset is timed by default.
WARNING: [DRC REQP-1839] RAMB36 async control check: The RAMB36E1 dds_sine_i3/lut_addr_reg_1 has an input control pin dds_sine_i3/lut_addr_reg_1/ADDRARDADDR[8] (net: dds_sine_i3/sel[6]) which is driven by a register (dds_sine_i3/r_nco_reg[25]) that has an active asychronous set or reset. This may cause corruption of the memory contents and/or read values when the set/reset is asserted and is not analyzed by the default static timing analysis. It is suggested to eliminate the use of a set/reset to registers driving this RAMB pin or else use a synchronous reset in which the assertion of the reset is timed by default.
WARNING: [DRC REQP-1839] RAMB36 async control check: The RAMB36E1 dds_sine_i3/lut_addr_reg_1 has an input control pin dds_sine_i3/lut_addr_reg_1/ADDRARDADDR[9] (net: dds_sine_i3/sel[7]) which is driven by a register (dds_sine_i3/r_nco_reg[26]) that has an active asychronous set or reset. This may cause corruption of the memory contents and/or read values when the set/reset is asserted and is not analyzed by the default static timing analysis. It is suggested to eliminate the use of a set/reset to registers driving this RAMB pin or else use a synchronous reset in which the assertion of the reset is timed by default.
WARNING: [DRC REQP-1840] RAMB18 async control check: The RAMB18E1 dds_sine_i3/lut_addr_reg_3 has an input control pin dds_sine_i3/lut_addr_reg_3/ADDRARDADDR[10] (net: dds_sine_i3/sel[9]) which is driven by a register (dds_sine_i3/r_nco_reg[28]) that has an active asychronous set or reset. This may cause corruption of the memory contents and/or read values when the set/reset is asserted and is not analyzed by the default static timing analysis. It is suggested to eliminate the use of a set/reset to registers driving this RAMB pin or else use a synchronous reset in which the assertion of the reset is timed by default.
WARNING: [DRC REQP-1840] RAMB18 async control check: The RAMB18E1 dds_sine_i3/lut_addr_reg_3 has an input control pin dds_sine_i3/lut_addr_reg_3/ADDRARDADDR[11] (net: dds_sine_i3/sel[10]) which is driven by a register (dds_sine_i3/r_nco_reg[29]) that has an active asychronous set or reset. This may cause corruption of the memory contents and/or read values when the set/reset is asserted and is not analyzed by the default static timing analysis. It is suggested to eliminate the use of a set/reset to registers driving this RAMB pin or else use a synchronous reset in which the assertion of the reset is timed by default.
WARNING: [DRC REQP-1840] RAMB18 async control check: The RAMB18E1 dds_sine_i3/lut_addr_reg_3 has an input control pin dds_sine_i3/lut_addr_reg_3/ADDRARDADDR[12] (net: dds_sine_i3/sel[11]) which is driven by a register (dds_sine_i3/r_nco_reg[30]) that has an active asychronous set or reset. This may cause corruption of the memory contents and/or read values when the set/reset is asserted and is not analyzed by the default static timing analysis. It is suggested to eliminate the use of a set/reset to registers driving this RAMB pin or else use a synchronous reset in which the assertion of the reset is timed by default.
WARNING: [DRC REQP-1840] RAMB18 async control check: The RAMB18E1 dds_sine_i3/lut_addr_reg_3 has an input control pin dds_sine_i3/lut_addr_reg_3/ADDRARDADDR[13] (net: dds_sine_i3/sel[12]) which is driven by a register (dds_sine_i3/r_nco_reg[31]) that has an active asychronous set or reset. This may cause corruption of the memory contents and/or read values when the set/reset is asserted and is not analyzed by the default static timing analysis. It is suggested to eliminate the use of a set/reset to registers driving this RAMB pin or else use a synchronous reset in which the assertion of the reset is timed by default.
WARNING: [DRC REQP-1840] RAMB18 async control check: The RAMB18E1 dds_sine_i3/lut_addr_reg_3 has an input control pin dds_sine_i3/lut_addr_reg_3/ADDRARDADDR[1] (net: dds_sine_i3/sel[0]) which is driven by a register (dds_sine_i3/r_nco_reg[19]) that has an active asychronous set or reset. This may cause corruption of the memory contents and/or read values when the set/reset is asserted and is not analyzed by the default static timing analysis. It is suggested to eliminate the use of a set/reset to registers driving this RAMB pin or else use a synchronous reset in which the assertion of the reset is timed by default.
WARNING: [DRC REQP-1840] RAMB18 async control check: The RAMB18E1 dds_sine_i3/lut_addr_reg_3 has an input control pin dds_sine_i3/lut_addr_reg_3/ADDRARDADDR[2] (net: dds_sine_i3/sel[1]) which is driven by a register (dds_sine_i3/r_nco_reg[20]) that has an active asychronous set or reset. This may cause corruption of the memory contents and/or read values when the set/reset is asserted and is not analyzed by the default static timing analysis. It is suggested to eliminate the use of a set/reset to registers driving this RAMB pin or else use a synchronous reset in which the assertion of the reset is timed by default.
WARNING: [DRC REQP-1840] RAMB18 async control check: The RAMB18E1 dds_sine_i3/lut_addr_reg_3 has an input control pin dds_sine_i3/lut_addr_reg_3/ADDRARDADDR[3] (net: dds_sine_i3/sel[2]) which is driven by a register (dds_sine_i3/r_nco_reg[21]) that has an active asychronous set or reset. This may cause corruption of the memory contents and/or read values when the set/reset is asserted and is not analyzed by the default static timing analysis. It is suggested to eliminate the use of a set/reset to registers driving this RAMB pin or else use a synchronous reset in which the assertion of the reset is timed by default.
WARNING: [DRC REQP-1840] RAMB18 async control check: The RAMB18E1 dds_sine_i3/lut_addr_reg_3 has an input control pin dds_sine_i3/lut_addr_reg_3/ADDRARDADDR[4] (net: dds_sine_i3/sel[3]) which is driven by a register (dds_sine_i3/r_nco_reg[22]) that has an active asychronous set or reset. This may cause corruption of the memory contents and/or read values when the set/reset is asserted and is not analyzed by the default static timing analysis. It is suggested to eliminate the use of a set/reset to registers driving this RAMB pin or else use a synchronous reset in which the assertion of the reset is timed by default.
WARNING: [DRC REQP-1840] RAMB18 async control check: The RAMB18E1 dds_sine_i3/lut_addr_reg_3 has an input control pin dds_sine_i3/lut_addr_reg_3/ADDRARDADDR[5] (net: dds_sine_i3/sel[4]) which is driven by a register (dds_sine_i3/r_nco_reg[23]) that has an active asychronous set or reset. This may cause corruption of the memory contents and/or read values when the set/reset is asserted and is not analyzed by the default static timing analysis. It is suggested to eliminate the use of a set/reset to registers driving this RAMB pin or else use a synchronous reset in which the assertion of the reset is timed by default.
WARNING: [DRC REQP-1840] RAMB18 async control check: The RAMB18E1 dds_sine_i3/lut_addr_reg_3 has an input control pin dds_sine_i3/lut_addr_reg_3/ADDRARDADDR[6] (net: dds_sine_i3/sel[5]) which is driven by a register (dds_sine_i3/r_nco_reg[24]) that has an active asychronous set or reset. This may cause corruption of the memory contents and/or read values when the set/reset is asserted and is not analyzed by the default static timing analysis. It is suggested to eliminate the use of a set/reset to registers driving this RAMB pin or else use a synchronous reset in which the assertion of the reset is timed by default.
WARNING: [DRC REQP-1840] RAMB18 async control check: The RAMB18E1 dds_sine_i3/lut_addr_reg_3 has an input control pin dds_sine_i3/lut_addr_reg_3/ADDRARDADDR[7] (net: dds_sine_i3/sel[6]) which is driven by a register (dds_sine_i3/r_nco_reg[25]) that has an active asychronous set or reset. This may cause corruption of the memory contents and/or read values when the set/reset is asserted and is not analyzed by the default static timing analysis. It is suggested to eliminate the use of a set/reset to registers driving this RAMB pin or else use a synchronous reset in which the assertion of the reset is timed by default.
WARNING: [DRC REQP-1840] RAMB18 async control check: The RAMB18E1 dds_sine_i3/lut_addr_reg_3 has an input control pin dds_sine_i3/lut_addr_reg_3/ADDRARDADDR[8] (net: dds_sine_i3/sel[7]) which is driven by a register (dds_sine_i3/r_nco_reg[26]) that has an active asychronous set or reset. This may cause corruption of the memory contents and/or read values when the set/reset is asserted and is not analyzed by the default static timing analysis. It is suggested to eliminate the use of a set/reset to registers driving this RAMB pin or else use a synchronous reset in which the assertion of the reset is timed by default.
WARNING: [DRC REQP-1840] RAMB18 async control check: The RAMB18E1 dds_sine_i3/lut_addr_reg_3 has an input control pin dds_sine_i3/lut_addr_reg_3/ADDRARDADDR[9] (net: dds_sine_i3/sel[8]) which is driven by a register (dds_sine_i3/r_nco_reg[27]) that has an active asychronous set or reset. This may cause corruption of the memory contents and/or read values when the set/reset is asserted and is not analyzed by the default static timing analysis. It is suggested to eliminate the use of a set/reset to registers driving this RAMB pin or else use a synchronous reset in which the assertion of the reset is timed by default.
INFO: [Vivado_Tcl 4-198] DRC finished with 0 Errors, 34 Warnings
INFO: [Vivado_Tcl 4-199] Please refer to the DRC report (report_drc) for more information.

Starting Placer Task
INFO: [Place 30-611] Multithreading enabled for place_design using a maximum of 2 CPUs

Phase 1 Placer Initialization

Phase 1.1 Placer Initialization Netlist Sorting
Netlist sorting complete. Time (s): cpu = 00:00:00 ; elapsed = 00:00:00 . Memory (MB): peak = 1558.840 ; gain = 0.000
Phase 1.1 Placer Initialization Netlist Sorting | Checksum: 2886b8a6

Time (s): cpu = 00:00:00 ; elapsed = 00:00:00.008 . Memory (MB): peak = 1558.840 ; gain = 0.000
Netlist sorting complete. Time (s): cpu = 00:00:00 ; elapsed = 00:00:00 . Memory (MB): peak = 1558.840 ; gain = 0.000

Phase 1.2 IO Placement/ Clock Placement/ Build Placer Device
INFO: [Constraints 18-483] create_clock: no pin(s)/port(s)/net(s) specified as objects, only virtual clock 'virtual_clock' will be created. If you don't want this, please specify pin(s)/ports(s)/net(s) as objects to the command. [C:/Users/ricar/Desktop/EConfig/Trabalhos/proj/P1_Sources/fir8_test_timing.xdc:13]
INFO: [Timing 38-35] Done setting XDC timing constraints.
Phase 1.2 IO Placement/ Clock Placement/ Build Placer Device | Checksum: 36decdc1

Time (s): cpu = 00:00:02 ; elapsed = 00:00:01 . Memory (MB): peak = 1558.840 ; gain = 0.000

Phase 1.3 Build Placer Netlist Model
Phase 1.3 Build Placer Netlist Model | Checksum: ffccb77c

Time (s): cpu = 00:00:02 ; elapsed = 00:00:01 . Memory (MB): peak = 1558.840 ; gain = 0.000

Phase 1.4 Constrain Clocks/Macros
Phase 1.4 Constrain Clocks/Macros | Checksum: ffccb77c

Time (s): cpu = 00:00:02 ; elapsed = 00:00:01 . Memory (MB): peak = 1558.840 ; gain = 0.000
Phase 1 Placer Initialization | Checksum: ffccb77c

Time (s): cpu = 00:00:02 ; elapsed = 00:00:01 . Memory (MB): peak = 1558.840 ; gain = 0.000

Phase 2 Global Placement

Phase 2.1 Floorplanning
Phase 2.1 Floorplanning | Checksum: 75bf40af

Time (s): cpu = 00:00:02 ; elapsed = 00:00:01 . Memory (MB): peak = 1558.840 ; gain = 0.000

Phase 2.2 Global Placement Core

Phase 2.2.1 Physical Synthesis In Placer
INFO: [Physopt 32-775] End 1 Pass. Optimized 0 net or cell. Created 0 new cell, deleted 0 existing cell and moved 0 existing cell
INFO: [Physopt 32-65] No nets found for high-fanout optimization.
INFO: [Physopt 32-232] Optimized 0 net. Created 0 new instance.
INFO: [Physopt 32-775] End 1 Pass. Optimized 0 net or cell. Created 0 new cell, deleted 0 existing cell and moved 0 existing cell
INFO: [Physopt 32-670] No setup violation found.  DSP Register Optimization was not performed.
INFO: [Physopt 32-670] No setup violation found.  Shift Register to Pipeline Optimization was not performed.
INFO: [Physopt 32-670] No setup violation found.  Shift Register Optimization was not performed.
INFO: [Physopt 32-670] No setup violation found.  BRAM Register Optimization was not performed.
INFO: [Physopt 32-949] No candidate nets found for HD net replication
INFO: [Physopt 32-775] End 1 Pass. Optimized 0 net or cell. Created 0 new cell, deleted 0 existing cell and moved 0 existing cell
Netlist sorting complete. Time (s): cpu = 00:00:00 ; elapsed = 00:00:00 . Memory (MB): peak = 1558.840 ; gain = 0.000

Summary of Physical Synthesis Optimizations
============================================


-----------------------------------------------------------------------------------------------------------------------------------------------------------
|  Optimization                                     |  Added Cells  |  Removed Cells  |  Optimized Cells/Nets  |  Dont Touch  |  Iterations  |  Elapsed   |
-----------------------------------------------------------------------------------------------------------------------------------------------------------
|  LUT Combining                                    |            0  |              0  |                     0  |           0  |           1  |  00:00:00  |
|  Very High Fanout                                 |            0  |              0  |                     0  |           0  |           1  |  00:00:00  |
|  DSP Register                                     |            0  |              0  |                     0  |           0  |           0  |  00:00:00  |
|  Shift Register to Pipeline                       |            0  |              0  |                     0  |           0  |           0  |  00:00:00  |
|  Shift Register                                   |            0  |              0  |                     0  |           0  |           0  |  00:00:00  |
|  BRAM Register                                    |            0  |              0  |                     0  |           0  |           0  |  00:00:00  |
|  Dynamic/Static Region Interface Net Replication  |            0  |              0  |                     0  |           0  |           1  |  00:00:00  |
|  Total                                            |            0  |              0  |                     0  |           0  |           3  |  00:00:00  |
-----------------------------------------------------------------------------------------------------------------------------------------------------------


Phase 2.2.1 Physical Synthesis In Placer | Checksum: 113d60767

Time (s): cpu = 00:00:08 ; elapsed = 00:00:04 . Memory (MB): peak = 1558.840 ; gain = 0.000
Phase 2.2 Global Placement Core | Checksum: 19edb4e2c

Time (s): cpu = 00:00:08 ; elapsed = 00:00:04 . Memory (MB): peak = 1558.840 ; gain = 0.000
Phase 2 Global Placement | Checksum: 19edb4e2c

Time (s): cpu = 00:00:08 ; elapsed = 00:00:04 . Memory (MB): peak = 1558.840 ; gain = 0.000

Phase 3 Detail Placement

Phase 3.1 Commit Multi Column Macros
Phase 3.1 Commit Multi Column Macros | Checksum: 123b47543

Time (s): cpu = 00:00:09 ; elapsed = 00:00:04 . Memory (MB): peak = 1558.840 ; gain = 0.000

Phase 3.2 Commit Most Macros & LUTRAMs
Phase 3.2 Commit Most Macros & LUTRAMs | Checksum: 167622e78

Time (s): cpu = 00:00:09 ; elapsed = 00:00:05 . Memory (MB): peak = 1558.840 ; gain = 0.000

Phase 3.3 Area Swap Optimization
Phase 3.3 Area Swap Optimization | Checksum: 16f954462

Time (s): cpu = 00:00:09 ; elapsed = 00:00:05 . Memory (MB): peak = 1558.840 ; gain = 0.000

Phase 3.4 Pipeline Register Optimization
Phase 3.4 Pipeline Register Optimization | Checksum: 1635806e0

Time (s): cpu = 00:00:09 ; elapsed = 00:00:05 . Memory (MB): peak = 1558.840 ; gain = 0.000

Phase 3.5 Fast Optimization
Phase 3.5 Fast Optimization | Checksum: 18f612fde

Time (s): cpu = 00:00:09 ; elapsed = 00:00:05 . Memory (MB): peak = 1558.840 ; gain = 0.000

Phase 3.6 Small Shape Detail Placement
Phase 3.6 Small Shape Detail Placement | Checksum: d24211d9

Time (s): cpu = 00:00:09 ; elapsed = 00:00:05 . Memory (MB): peak = 1558.840 ; gain = 0.000

Phase 3.7 Re-assign LUT pins
Phase 3.7 Re-assign LUT pins | Checksum: d24211d9

Time (s): cpu = 00:00:10 ; elapsed = 00:00:05 . Memory (MB): peak = 1558.840 ; gain = 0.000

Phase 3.8 Pipeline Register Optimization
Phase 3.8 Pipeline Register Optimization | Checksum: 9dfdd68b

Time (s): cpu = 00:00:10 ; elapsed = 00:00:05 . Memory (MB): peak = 1558.840 ; gain = 0.000
Phase 3 Detail Placement | Checksum: 9dfdd68b

Time (s): cpu = 00:00:10 ; elapsed = 00:00:05 . Memory (MB): peak = 1558.840 ; gain = 0.000

Phase 4 Post Placement Optimization and Clean-Up

Phase 4.1 Post Commit Optimization
INFO: [Constraints 18-483] create_clock: no pin(s)/port(s)/net(s) specified as objects, only virtual clock 'virtual_clock' will be created. If you don't want this, please specify pin(s)/ports(s)/net(s) as objects to the command. [C:/Users/ricar/Desktop/EConfig/Trabalhos/proj/P1_Sources/fir8_test_timing.xdc:13]
INFO: [Timing 38-35] Done setting XDC timing constraints.

Phase 4.1.1 Post Placement Optimization
Post Placement Optimization Initialization | Checksum: 136fcb60c

Phase 4.1.1.1 BUFG Insertion
INFO: [Place 46-56] BUFG insertion identified 0 candidate nets. Inserted BUFG: 0, Replicated BUFG Driver: 0, Skipped due to Placement/Routing Conflicts: 0, Skipped due to Timing Degradation: 0, Skipped due to Illegal Netlist: 0.
Phase 4.1.1.1 BUFG Insertion | Checksum: 136fcb60c

Time (s): cpu = 00:00:10 ; elapsed = 00:00:05 . Memory (MB): peak = 1558.840 ; gain = 0.000
INFO: [Place 30-746] Post Placement Timing Summary WNS=0.136. For the most accurate timing information please run report_timing.
Phase 4.1.1 Post Placement Optimization | Checksum: ba9ad5e0

Time (s): cpu = 00:00:14 ; elapsed = 00:00:10 . Memory (MB): peak = 1558.840 ; gain = 0.000
Phase 4.1 Post Commit Optimization | Checksum: ba9ad5e0

Time (s): cpu = 00:00:14 ; elapsed = 00:00:10 . Memory (MB): peak = 1558.840 ; gain = 0.000

Phase 4.2 Post Placement Cleanup
Phase 4.2 Post Placement Cleanup | Checksum: ba9ad5e0

Time (s): cpu = 00:00:14 ; elapsed = 00:00:10 . Memory (MB): peak = 1558.840 ; gain = 0.000

Phase 4.3 Placer Reporting
Phase 4.3 Placer Reporting | Checksum: ba9ad5e0

Time (s): cpu = 00:00:14 ; elapsed = 00:00:10 . Memory (MB): peak = 1558.840 ; gain = 0.000

Phase 4.4 Final Placement Cleanup
Netlist sorting complete. Time (s): cpu = 00:00:00 ; elapsed = 00:00:00.001 . Memory (MB): peak = 1558.840 ; gain = 0.000
Phase 4.4 Final Placement Cleanup | Checksum: ba9ad5e0

Time (s): cpu = 00:00:14 ; elapsed = 00:00:10 . Memory (MB): peak = 1558.840 ; gain = 0.000
Phase 4 Post Placement Optimization and Clean-Up | Checksum: ba9ad5e0

Time (s): cpu = 00:00:14 ; elapsed = 00:00:10 . Memory (MB): peak = 1558.840 ; gain = 0.000
Ending Placer Task | Checksum: 98ca5fcc

Time (s): cpu = 00:00:14 ; elapsed = 00:00:10 . Memory (MB): peak = 1558.840 ; gain = 0.000
INFO: [Common 17-83] Releasing license: Implementation
69 Infos, 34 Warnings, 0 Critical Warnings and 0 Errors encountered.
place_design completed successfully
place_design: Time (s): cpu = 00:00:16 ; elapsed = 00:00:11 . Memory (MB): peak = 1558.840 ; gain = 0.000
Netlist sorting complete. Time (s): cpu = 00:00:00 ; elapsed = 00:00:00 . Memory (MB): peak = 1558.840 ; gain = 0.000
INFO: [Timing 38-480] Writing timing data to binary archive.
Writing placer database...
Writing XDEF routing.
Writing XDEF routing logical nets.
Writing XDEF routing special nets.
Write XDEF Complete: Time (s): cpu = 00:00:01 ; elapsed = 00:00:00.136 . Memory (MB): peak = 1558.840 ; gain = 0.000
INFO: [Common 17-1381] The checkpoint 'C:/Users/ricar/Desktop/EConfig/Trabalhos/proj/FLP_proj/FLP_proj.runs/impl_99/fir8_test_placed.dcp' has been generated.
INFO: [runtcl-4] Executing : report_io -file fir8_test_io_placed.rpt
report_io: Time (s): cpu = 00:00:00 ; elapsed = 00:00:00.093 . Memory (MB): peak = 1558.840 ; gain = 0.000
INFO: [runtcl-4] Executing : report_utilization -file fir8_test_utilization_placed.rpt -pb fir8_test_utilization_placed.pb
INFO: [runtcl-4] Executing : report_control_sets -verbose -file fir8_test_control_sets_placed.rpt
report_control_sets: Time (s): cpu = 00:00:00 ; elapsed = 00:00:00.009 . Memory (MB): peak = 1558.840 ; gain = 0.000
Command: phys_opt_design
Attempting to get a license for feature 'Implementation' and/or device 'xc7a35t'
INFO: [Common 17-349] Got license for feature 'Implementation' and/or device 'xc7a35t'
Netlist sorting complete. Time (s): cpu = 00:00:00 ; elapsed = 00:00:00 . Memory (MB): peak = 1558.840 ; gain = 0.000

Starting Physical Synthesis Task

Phase 1 Physical Synthesis Initialization
INFO: [Physopt 32-721] Multithreading enabled for phys_opt_design using a maximum of 2 CPUs
INFO: [Physopt 32-619] Estimated Timing Summary | WNS=0.136 | TNS=0.000 |
Phase 1 Physical Synthesis Initialization | Checksum: 23e9f203f

Time (s): cpu = 00:00:02 ; elapsed = 00:00:01 . Memory (MB): peak = 1558.840 ; gain = 0.000
INFO: [Physopt 32-619] Estimated Timing Summary | WNS=0.136 | TNS=0.000 |

Phase 2 DSP Register Optimization
INFO: [Physopt 32-670] No setup violation found.  DSP Register Optimization was not performed.
Phase 2 DSP Register Optimization | Checksum: 23e9f203f

Time (s): cpu = 00:00:02 ; elapsed = 00:00:01 . Memory (MB): peak = 1558.840 ; gain = 0.000

Phase 3 Critical Path Optimization
INFO: [Physopt 32-619] Estimated Timing Summary | WNS=0.136 | TNS=0.000 |
INFO: [Physopt 32-619] Estimated Timing Summary | WNS=0.136 | TNS=0.000 |
Phase 3 Critical Path Optimization | Checksum: 23e9f203f

Time (s): cpu = 00:00:02 ; elapsed = 00:00:01 . Memory (MB): peak = 1558.840 ; gain = 0.000
Netlist sorting complete. Time (s): cpu = 00:00:00 ; elapsed = 00:00:00 . Memory (MB): peak = 1558.840 ; gain = 0.000
INFO: [Physopt 32-603] Post Physical Optimization Timing Summary | WNS=0.136 | TNS=0.000 |

Summary of Physical Synthesis Optimizations
============================================


-------------------------------------------------------------------------------------------------------------------------------------------------------------
|  Optimization   |  WNS Gain (ns)  |  TNS Gain (ns)  |  Added Cells  |  Removed Cells  |  Optimized Cells/Nets  |  Dont Touch  |  Iterations  |  Elapsed   |
-------------------------------------------------------------------------------------------------------------------------------------------------------------
|  DSP Register   |          0.000  |          0.000  |            0  |              0  |                     0  |           0  |           0  |  00:00:00  |
|  Critical Path  |          0.000  |          0.000  |            0  |              0  |                     0  |           0  |           1  |  00:00:00  |
|  Total          |          0.000  |          0.000  |            0  |              0  |                     0  |           0  |           1  |  00:00:00  |
-------------------------------------------------------------------------------------------------------------------------------------------------------------


Netlist sorting complete. Time (s): cpu = 00:00:00 ; elapsed = 00:00:00 . Memory (MB): peak = 1558.840 ; gain = 0.000
Ending Physical Synthesis Task | Checksum: 23e9f203f

Time (s): cpu = 00:00:02 ; elapsed = 00:00:01 . Memory (MB): peak = 1558.840 ; gain = 0.000
INFO: [Common 17-83] Releasing license: Implementation
83 Infos, 34 Warnings, 0 Critical Warnings and 0 Errors encountered.
phys_opt_design completed successfully
Netlist sorting complete. Time (s): cpu = 00:00:00 ; elapsed = 00:00:00.001 . Memory (MB): peak = 1558.840 ; gain = 0.000
INFO: [Timing 38-480] Writing timing data to binary archive.
Writing placer database...
Writing XDEF routing.
Writing XDEF routing logical nets.
Writing XDEF routing special nets.
Write XDEF Complete: Time (s): cpu = 00:00:00 ; elapsed = 00:00:00.160 . Memory (MB): peak = 1558.840 ; gain = 0.000
INFO: [Common 17-1381] The checkpoint 'C:/Users/ricar/Desktop/EConfig/Trabalhos/proj/FLP_proj/FLP_proj.runs/impl_99/fir8_test_physopt.dcp' has been generated.
Command: route_design
Attempting to get a license for feature 'Implementation' and/or device 'xc7a35t'
INFO: [Common 17-349] Got license for feature 'Implementation' and/or device 'xc7a35t'
Running DRC as a precondition to command route_design
INFO: [DRC 23-27] Running DRC with 2 threads
INFO: [Vivado_Tcl 4-198] DRC finished with 0 Errors
INFO: [Vivado_Tcl 4-199] Please refer to the DRC report (report_drc) for more information.


Starting Routing Task
INFO: [Route 35-254] Multithreading enabled for route_design using a maximum of 2 CPUs
Checksum: PlaceDB: 7043a726 ConstDB: 0 ShapeSum: cb9e2581 RouteDB: 0

Phase 1 Build RT Design
Phase 1 Build RT Design | Checksum: aa909417

Time (s): cpu = 00:00:24 ; elapsed = 00:00:21 . Memory (MB): peak = 1558.840 ; gain = 0.000
Post Restoration Checksum: NetGraph: 5b658858 NumContArr: 4f2b0bbf Constraints: 0 Timing: 0

Phase 2 Router Initialization

Phase 2.1 Create Timer
Phase 2.1 Create Timer | Checksum: aa909417

Time (s): cpu = 00:00:24 ; elapsed = 00:00:21 . Memory (MB): peak = 1558.840 ; gain = 0.000

Phase 2.2 Fix Topology Constraints
Phase 2.2 Fix Topology Constraints | Checksum: aa909417

Time (s): cpu = 00:00:24 ; elapsed = 00:00:21 . Memory (MB): peak = 1559.063 ; gain = 0.223

Phase 2.3 Pre Route Cleanup
Phase 2.3 Pre Route Cleanup | Checksum: aa909417

Time (s): cpu = 00:00:24 ; elapsed = 00:00:21 . Memory (MB): peak = 1559.063 ; gain = 0.223
 Number of Nodes with overlaps = 0

Phase 2.4 Update Timing
Phase 2.4 Update Timing | Checksum: 235bfa802

Time (s): cpu = 00:00:24 ; elapsed = 00:00:21 . Memory (MB): peak = 1563.555 ; gain = 4.715
INFO: [Route 35-416] Intermediate Timing Summary | WNS=0.138  | TNS=0.000  | WHS=-1.508 | THS=-354.319|

Phase 2 Router Initialization | Checksum: 174ba43e3

Time (s): cpu = 00:00:24 ; elapsed = 00:00:21 . Memory (MB): peak = 1566.898 ; gain = 8.059

Router Utilization Summary
  Global Vertical Routing Utilization    = 0 %
  Global Horizontal Routing Utilization  = 0 %
  Routable Net Status*
  *Does not include unroutable nets such as driverless and loadless.
  Run report_route_status for detailed report.
  Number of Failed Nets               = 601
    (Failed Nets is the sum of unrouted and partially routed nets)
  Number of Unrouted Nets             = 601
  Number of Partially Routed Nets     = 0
  Number of Node Overlaps             = 0


Phase 3 Initial Routing
Phase 3 Initial Routing | Checksum: 225a76cec

Time (s): cpu = 00:00:25 ; elapsed = 00:00:21 . Memory (MB): peak = 1567.605 ; gain = 8.766

Phase 4 Rip-up And Reroute

Phase 4.1 Global Iteration 0
 Number of Nodes with overlaps = 0
INFO: [Route 35-416] Intermediate Timing Summary | WNS=0.094  | TNS=0.000  | WHS=N/A    | THS=N/A    |

Phase 4.1 Global Iteration 0 | Checksum: 18241451d

Time (s): cpu = 00:00:25 ; elapsed = 00:00:21 . Memory (MB): peak = 1567.609 ; gain = 8.770
Phase 4 Rip-up And Reroute | Checksum: 18241451d

Time (s): cpu = 00:00:25 ; elapsed = 00:00:21 . Memory (MB): peak = 1567.609 ; gain = 8.770

Phase 5 Delay and Skew Optimization

Phase 5.1 Delay CleanUp

Phase 5.1.1 Update Timing
Phase 5.1.1 Update Timing | Checksum: 1bfb298ea

Time (s): cpu = 00:00:25 ; elapsed = 00:00:21 . Memory (MB): peak = 1567.609 ; gain = 8.770
INFO: [Route 35-416] Intermediate Timing Summary | WNS=0.094  | TNS=0.000  | WHS=N/A    | THS=N/A    |

Phase 5.1 Delay CleanUp | Checksum: 1bfb298ea

Time (s): cpu = 00:00:25 ; elapsed = 00:00:21 . Memory (MB): peak = 1567.609 ; gain = 8.770

Phase 5.2 Clock Skew Optimization
Phase 5.2 Clock Skew Optimization | Checksum: 1bfb298ea

Time (s): cpu = 00:00:25 ; elapsed = 00:00:21 . Memory (MB): peak = 1567.609 ; gain = 8.770
Phase 5 Delay and Skew Optimization | Checksum: 1bfb298ea

Time (s): cpu = 00:00:25 ; elapsed = 00:00:21 . Memory (MB): peak = 1567.609 ; gain = 8.770

Phase 6 Post Hold Fix

Phase 6.1 Hold Fix Iter

Phase 6.1.1 Update Timing
Phase 6.1.1 Update Timing | Checksum: 1b3f5ba44

Time (s): cpu = 00:00:25 ; elapsed = 00:00:22 . Memory (MB): peak = 1567.613 ; gain = 8.773
INFO: [Route 35-416] Intermediate Timing Summary | WNS=0.094  | TNS=0.000  | WHS=0.141  | THS=0.000  |

Phase 6.1 Hold Fix Iter | Checksum: dfa8dd39

Time (s): cpu = 00:00:25 ; elapsed = 00:00:22 . Memory (MB): peak = 1567.613 ; gain = 8.773
Phase 6 Post Hold Fix | Checksum: dfa8dd39

Time (s): cpu = 00:00:25 ; elapsed = 00:00:22 . Memory (MB): peak = 1567.613 ; gain = 8.773

Phase 7 Route finalize

Router Utilization Summary
  Global Vertical Routing Utilization    = 0.158654 %
  Global Horizontal Routing Utilization  = 0.18519 %
  Routable Net Status*
  *Does not include unroutable nets such as driverless and loadless.
  Run report_route_status for detailed report.
  Number of Failed Nets               = 0
    (Failed Nets is the sum of unrouted and partially routed nets)
  Number of Unrouted Nets             = 0
  Number of Partially Routed Nets     = 0
  Number of Node Overlaps             = 0

Phase 7 Route finalize | Checksum: 1836af38a

Time (s): cpu = 00:00:25 ; elapsed = 00:00:22 . Memory (MB): peak = 1567.613 ; gain = 8.773

Phase 8 Verifying routed nets

 Verification completed successfully
Phase 8 Verifying routed nets | Checksum: 1836af38a

Time (s): cpu = 00:00:25 ; elapsed = 00:00:22 . Memory (MB): peak = 1569.625 ; gain = 10.785

Phase 9 Depositing Routes
Phase 9 Depositing Routes | Checksum: 1c3e200b2

Time (s): cpu = 00:00:25 ; elapsed = 00:00:22 . Memory (MB): peak = 1569.625 ; gain = 10.785

Phase 10 Post Router Timing
INFO: [Route 35-57] Estimated Timing Summary | WNS=0.094  | TNS=0.000  | WHS=0.141  | THS=0.000  |

INFO: [Route 35-327] The final timing numbers are based on the router estimated timing analysis. For a complete and accurate timing signoff, please run report_timing_summary.
Phase 10 Post Router Timing | Checksum: 1c3e200b2

Time (s): cpu = 00:00:25 ; elapsed = 00:00:22 . Memory (MB): peak = 1569.625 ; gain = 10.785
INFO: [Route 35-16] Router Completed Successfully

Time (s): cpu = 00:00:25 ; elapsed = 00:00:22 . Memory (MB): peak = 1569.625 ; gain = 10.785

Routing Is Done.
INFO: [Common 17-83] Releasing license: Implementation
98 Infos, 34 Warnings, 0 Critical Warnings and 0 Errors encountered.
route_design completed successfully
route_design: Time (s): cpu = 00:00:27 ; elapsed = 00:00:23 . Memory (MB): peak = 1569.625 ; gain = 10.785
Netlist sorting complete. Time (s): cpu = 00:00:00 ; elapsed = 00:00:00.001 . Memory (MB): peak = 1569.625 ; gain = 0.000
INFO: [Timing 38-480] Writing timing data to binary archive.
Writing placer database...
Writing XDEF routing.
Writing XDEF routing logical nets.
Writing XDEF routing special nets.
Write XDEF Complete: Time (s): cpu = 00:00:00 ; elapsed = 00:00:00.163 . Memory (MB): peak = 1579.512 ; gain = 9.887
INFO: [Common 17-1381] The checkpoint 'C:/Users/ricar/Desktop/EConfig/Trabalhos/proj/FLP_proj/FLP_proj.runs/impl_99/fir8_test_routed.dcp' has been generated.
INFO: [runtcl-4] Executing : report_drc -file fir8_test_drc_routed.rpt -pb fir8_test_drc_routed.pb -rpx fir8_test_drc_routed.rpx
Command: report_drc -file fir8_test_drc_routed.rpt -pb fir8_test_drc_routed.pb -rpx fir8_test_drc_routed.rpx
INFO: [IP_Flow 19-1839] IP Catalog is up to date.
INFO: [DRC 23-27] Running DRC with 2 threads
INFO: [Coretcl 2-168] The results of DRC are in file C:/Users/ricar/Desktop/EConfig/Trabalhos/proj/FLP_proj/FLP_proj.runs/impl_99/fir8_test_drc_routed.rpt.
report_drc completed successfully
INFO: [runtcl-4] Executing : report_methodology -file fir8_test_methodology_drc_routed.rpt -pb fir8_test_methodology_drc_routed.pb -rpx fir8_test_methodology_drc_routed.rpx
Command: report_methodology -file fir8_test_methodology_drc_routed.rpt -pb fir8_test_methodology_drc_routed.pb -rpx fir8_test_methodology_drc_routed.rpx
INFO: [Constraints 18-483] create_clock: no pin(s)/port(s)/net(s) specified as objects, only virtual clock 'virtual_clock' will be created. If you don't want this, please specify pin(s)/ports(s)/net(s) as objects to the command. [C:/Users/ricar/Desktop/EConfig/Trabalhos/proj/P1_Sources/fir8_test_timing.xdc:13]
INFO: [Timing 38-35] Done setting XDC timing constraints.
INFO: [DRC 23-133] Running Methodology with 2 threads
INFO: [Coretcl 2-1520] The results of Report Methodology are in file C:/Users/ricar/Desktop/EConfig/Trabalhos/proj/FLP_proj/FLP_proj.runs/impl_99/fir8_test_methodology_drc_routed.rpt.
report_methodology completed successfully
INFO: [runtcl-4] Executing : report_power -file fir8_test_power_routed.rpt -pb fir8_test_power_summary_routed.pb -rpx fir8_test_power_routed.rpx
Command: report_power -file fir8_test_power_routed.rpt -pb fir8_test_power_summary_routed.pb -rpx fir8_test_power_routed.rpx
INFO: [Constraints 18-483] create_clock: no pin(s)/port(s)/net(s) specified as objects, only virtual clock 'virtual_clock' will be created. If you don't want this, please specify pin(s)/ports(s)/net(s) as objects to the command. [C:/Users/ricar/Desktop/EConfig/Trabalhos/proj/P1_Sources/fir8_test_timing.xdc:13]
INFO: [Timing 38-35] Done setting XDC timing constraints.
Running Vector-less Activity Propagation...

Finished Running Vector-less Activity Propagation
112 Infos, 34 Warnings, 0 Critical Warnings and 0 Errors encountered.
report_power completed successfully
INFO: [runtcl-4] Executing : report_route_status -file fir8_test_route_status.rpt -pb fir8_test_route_status.pb
INFO: [runtcl-4] Executing : report_timing_summary -max_paths 10 -file fir8_test_timing_summary_routed.rpt -pb fir8_test_timing_summary_routed.pb -rpx fir8_test_timing_summary_routed.rpx -warn_on_violation 
INFO: [Timing 38-91] UpdateTimingParams: Speed grade: -1, Delay Type: min_max.
INFO: [Timing 38-191] Multithreading enabled for timing update using a maximum of 2 CPUs
INFO: [runtcl-4] Executing : report_incremental_reuse -file fir8_test_incremental_reuse_routed.rpt
INFO: [Vivado_Tcl 4-1062] Incremental flow is disabled. No incremental reuse Info to report.
INFO: [runtcl-4] Executing : report_clock_utilization -file fir8_test_clock_utilization_routed.rpt
INFO: [runtcl-4] Executing : report_bus_skew -warn_on_violation -file fir8_test_bus_skew_routed.rpt -pb fir8_test_bus_skew_routed.pb -rpx fir8_test_bus_skew_routed.rpx
INFO: [Timing 38-91] UpdateTimingParams: Speed grade: -1, Delay Type: min_max.
INFO: [Timing 38-191] Multithreading enabled for timing update using a maximum of 2 CPUs
INFO: [Common 17-206] Exiting Vivado at Fri Apr 10 11:11:58 2020...
