Unable to capture context for thread 6380 in process 828, can not generate back trace
Unable to capture context for thread 9900 in process 828, can not generate back trace
Unable to capture context for thread 2484 in process 828, can not generate back trace
Exception at PC 0x00007FFD14FAA839
Unable to capture context for thread 6380 in process 828, can not generate back trace
Unable to capture context for thread 2484 in process 828, can not generate back trace
Exception at PC 0x00007FFCBA06BB93
Printing stacktrace...

Exception at PC 0x00007FFD14FAA839
Exception at PC 0x00007FFD14FAA839
Exception at PC 0x00007FFD14FAA839
Exception at PC 0x00007FFD14FAA839
Exception at PC 0x00007FFD14FAA839
Exception at PC 0x00007FFD14FAA839
Exception at PC 0x00007FFD14FAA839
Exception at PC 0x00007FFD14FAA839
Exception at PC 0x00007FFD14FAA839
Exception at PC 0x00007FFD14FAA839
Exception at PC 0x00007FFD14FAA839
Exception at PC 0x00007FFD14FAA839
Exception at PC 0x00007FFD14FAA839
[0]  [0x00007FFCBA06BB93]
[1]  [0x00007FFCBA06BB93]
[2]  [0x00007FFCBA06B4A1]
[3]  [0x00007FFCBA06B3EF]
[4]  [0x00007FFCBA0519FE]
[5]  [0x00007FFCBA050ED1]
[6]  [0x00007FFCBA050D76]
[7]  [0x00007FFCB9FF79F6]
[8]  [0x00007FFCB9FE7AFB]
[9]  [0x00007FFCBA10E90A]
[10]  [0x00007FFCBA129F87]
[11]  [0x00007FFCBA12A05F]
[12] (BaseThreadInitThunk+0x14) [0x00007FFD152C7BD4]
[13] (RtlUserThreadStart+0x21) [0x00007FFD1720CED1]
Done
Exception at PC 0x00007FFD14FAA839
Exception at PC 0x00007FFD14FAA839
Exception at PC 0x00007FFD14FAA839
Exception at PC 0x00007FFD14FAA839
Exception at PC 0x00007FFD14FAA839
Exception at PC 0x00007FFD14FAA839
