
*** Running vivado
    with args -log fir8_test.vdi -applog -m64 -product Vivado -messageDb vivado.pb -mode batch -source fir8_test.tcl -notrace


****** Vivado v2019.2 (64-bit)
  **** SW Build 2708876 on Wed Nov  6 21:40:23 MST 2019
  **** IP Build 2700528 on Thu Nov  7 00:09:20 MST 2019
    ** Copyright 1986-2019 Xilinx, Inc. All Rights Reserved.

source fir8_test.tcl -notrace
Command: link_design -top fir8_test -part xc7a35tcpg236-1
Design is defaulting to srcset: sources_1
Design is defaulting to constrset: constrs_1
INFO: [Device 21-403] Loading part xc7a35tcpg236-1
Netlist sorting complete. Time (s): cpu = 00:00:00 ; elapsed = 00:00:00.009 . Memory (MB): peak = 566.016 ; gain = 0.000
INFO: [Netlist 29-17] Analyzing 21 Unisim elements for replacement
INFO: [Netlist 29-28] Unisim Transformation completed in 0 CPU seconds
INFO: [Project 1-479] Netlist was created with Vivado 2019.2
INFO: [Project 1-570] Preparing netlist for logic optimization
Parsing XDC File [C:/Users/ricar/Desktop/EConfig/Trabalhos/proj/P1_Sources/fir8_test_timing.xdc]
INFO: [Constraints 18-483] create_clock: no pin(s)/port(s)/net(s) specified as objects, only virtual clock 'virtual_clock' will be created. If you don't want this, please specify pin(s)/ports(s)/net(s) as objects to the command. [C:/Users/ricar/Desktop/EConfig/Trabalhos/proj/P1_Sources/fir8_test_timing.xdc:13]
Finished Parsing XDC File [C:/Users/ricar/Desktop/EConfig/Trabalhos/proj/P1_Sources/fir8_test_timing.xdc]
INFO: [Opt 31-138] Pushed 0 inverter(s) to 0 load pin(s).
Netlist sorting complete. Time (s): cpu = 00:00:00 ; elapsed = 00:00:00 . Memory (MB): peak = 687.738 ; gain = 0.000
INFO: [Project 1-111] Unisim Transformation Summary:
No Unisim elements were transformed.

8 Infos, 0 Warnings, 0 Critical Warnings and 0 Errors encountered.
link_design completed successfully
link_design: Time (s): cpu = 00:00:14 ; elapsed = 00:00:16 . Memory (MB): peak = 687.738 ; gain = 388.941
Command: opt_design
Attempting to get a license for feature 'Implementation' and/or device 'xc7a35t'
INFO: [Common 17-349] Got license for feature 'Implementation' and/or device 'xc7a35t'
Running DRC as a precondition to command opt_design

Starting DRC Task
INFO: [DRC 23-27] Running DRC with 2 threads
INFO: [Project 1-461] DRC finished with 0 Errors
INFO: [Project 1-462] Please refer to the DRC report (report_drc) for more information.

Time (s): cpu = 00:00:03 ; elapsed = 00:00:02 . Memory (MB): peak = 707.719 ; gain = 19.980

Starting Cache Timing Information Task
INFO: [Constraints 18-483] create_clock: no pin(s)/port(s)/net(s) specified as objects, only virtual clock 'virtual_clock' will be created. If you don't want this, please specify pin(s)/ports(s)/net(s) as objects to the command. [C:/Users/ricar/Desktop/EConfig/Trabalhos/proj/P1_Sources/fir8_test_timing.xdc:13]
INFO: [Timing 38-35] Done setting XDC timing constraints.
Ending Cache Timing Information Task | Checksum: fc481cbc

Time (s): cpu = 00:00:20 ; elapsed = 00:00:22 . Memory (MB): peak = 1230.891 ; gain = 523.172

Starting Logic Optimization Task

Phase 1 Retarget
INFO: [Opt 31-138] Pushed 0 inverter(s) to 0 load pin(s).
INFO: [Opt 31-49] Retargeted 0 cell(s).
Phase 1 Retarget | Checksum: fc481cbc

Time (s): cpu = 00:00:00 ; elapsed = 00:00:00.173 . Memory (MB): peak = 1424.672 ; gain = 0.000
INFO: [Opt 31-389] Phase Retarget created 0 cells and removed 0 cells

Phase 2 Constant propagation
INFO: [Opt 31-138] Pushed 0 inverter(s) to 0 load pin(s).
Phase 2 Constant propagation | Checksum: fc481cbc

Time (s): cpu = 00:00:00 ; elapsed = 00:00:00.198 . Memory (MB): peak = 1424.672 ; gain = 0.000
INFO: [Opt 31-389] Phase Constant propagation created 0 cells and removed 0 cells

Phase 3 Sweep
Phase 3 Sweep | Checksum: 118b69150

Time (s): cpu = 00:00:00 ; elapsed = 00:00:00.404 . Memory (MB): peak = 1424.672 ; gain = 0.000
INFO: [Opt 31-389] Phase Sweep created 14 cells and removed 0 cells

Phase 4 BUFG optimization
INFO: [Opt 31-1112] Starts optimizing BUFG(s) with a common MMCM/DPLL/XPLL driver.
INFO: [Opt 31-1112] Starts optimizing BUFG(s) with a common driver.
INFO: [Opt 31-1092] Phase BUFG optimization transformed 0 BUFG(s) to MBUFG(s).
Phase 4 BUFG optimization | Checksum: 118b69150

Time (s): cpu = 00:00:00 ; elapsed = 00:00:00.441 . Memory (MB): peak = 1424.672 ; gain = 0.000
INFO: [Opt 31-662] Phase BUFG optimization created 0 cells of which 0 are BUFGs and removed 0 cells.

Phase 5 Shift Register Optimization
INFO: [Opt 31-1064] SRL Remap converted 0 SRLs to 0 registers and converted 0 registers of register chains to 0 SRLs
Phase 5 Shift Register Optimization | Checksum: 118b69150

Time (s): cpu = 00:00:00 ; elapsed = 00:00:00.454 . Memory (MB): peak = 1424.672 ; gain = 0.000
INFO: [Opt 31-389] Phase Shift Register Optimization created 0 cells and removed 0 cells

Phase 6 Post Processing Netlist
Phase 6 Post Processing Netlist | Checksum: 118b69150

Time (s): cpu = 00:00:00 ; elapsed = 00:00:00.459 . Memory (MB): peak = 1424.672 ; gain = 0.000
INFO: [Opt 31-389] Phase Post Processing Netlist created 0 cells and removed 0 cells
Opt_design Change Summary
=========================


-------------------------------------------------------------------------------------------------------------------------
|  Phase                        |  #Cells created  |  #Cells Removed  |  #Constrained objects preventing optimizations  |
-------------------------------------------------------------------------------------------------------------------------
|  Retarget                     |               0  |               0  |                                              0  |
|  Constant propagation         |               0  |               0  |                                              0  |
|  Sweep                        |              14  |               0  |                                              0  |
|  BUFG optimization            |               0  |               0  |                                              0  |
|  Shift Register Optimization  |               0  |               0  |                                              0  |
|  Post Processing Netlist      |               0  |               0  |                                              0  |
-------------------------------------------------------------------------------------------------------------------------



Starting Connectivity Check Task

Time (s): cpu = 00:00:00 ; elapsed = 00:00:00.001 . Memory (MB): peak = 1424.672 ; gain = 0.000
Ending Logic Optimization Task | Checksum: 1dd6b42d8

Time (s): cpu = 00:00:00 ; elapsed = 00:00:00.491 . Memory (MB): peak = 1424.672 ; gain = 0.000

Starting Power Optimization Task
INFO: [Pwropt 34-132] Skipping clock gating for clocks with a period < 2.00 ns.
INFO: [Constraints 18-483] create_clock: no pin(s)/port(s)/net(s) specified as objects, only virtual clock 'virtual_clock' will be created. If you don't want this, please specify pin(s)/ports(s)/net(s) as objects to the command. [C:/Users/ricar/Desktop/EConfig/Trabalhos/proj/P1_Sources/fir8_test_timing.xdc:13]
INFO: [Timing 38-35] Done setting XDC timing constraints.
INFO: [Pwropt 34-9] Applying IDT optimizations ...
INFO: [Pwropt 34-10] Applying ODC optimizations ...
INFO: [Physopt 32-619] Estimated Timing Summary | WNS=-2.322 | TNS=-33.968 |
Running Vector-less Activity Propagation...

Finished Running Vector-less Activity Propagation


Starting PowerOpt Patch Enables Task
INFO: [Pwropt 34-162] WRITE_MODE attribute of 0 BRAM(s) out of a total of 4 has been updated to save power. Run report_power_opt to get a complete listing of the BRAMs updated.
INFO: [Pwropt 34-201] Structural ODC has moved 0 WE to EN ports
Number of BRAM Ports augmented: 0 newly gated: 0 Total Ports: 8
Ending PowerOpt Patch Enables Task | Checksum: 1dd6b42d8

Time (s): cpu = 00:00:00 ; elapsed = 00:00:00.053 . Memory (MB): peak = 1568.043 ; gain = 0.000
Ending Power Optimization Task | Checksum: 1dd6b42d8

Time (s): cpu = 00:00:03 ; elapsed = 00:00:03 . Memory (MB): peak = 1568.043 ; gain = 143.371

Starting Final Cleanup Task
Ending Final Cleanup Task | Checksum: 1dd6b42d8

Time (s): cpu = 00:00:00 ; elapsed = 00:00:00 . Memory (MB): peak = 1568.043 ; gain = 0.000

Starting Netlist Obfuscation Task
Netlist sorting complete. Time (s): cpu = 00:00:00 ; elapsed = 00:00:00 . Memory (MB): peak = 1568.043 ; gain = 0.000
Ending Netlist Obfuscation Task | Checksum: 1dd6b42d8

Time (s): cpu = 00:00:00 ; elapsed = 00:00:00.001 . Memory (MB): peak = 1568.043 ; gain = 0.000
INFO: [Common 17-83] Releasing license: Implementation
36 Infos, 0 Warnings, 0 Critical Warnings and 0 Errors encountered.
opt_design completed successfully
opt_design: Time (s): cpu = 00:00:32 ; elapsed = 00:00:32 . Memory (MB): peak = 1568.043 ; gain = 880.305
Netlist sorting complete. Time (s): cpu = 00:00:00 ; elapsed = 00:00:00 . Memory (MB): peak = 1568.043 ; gain = 0.000
INFO: [Timing 38-480] Writing timing data to binary archive.
INFO: [Common 17-1381] The checkpoint 'C:/Users/ricar/Desktop/EConfig/Trabalhos/proj/FLP_proj/FLP_proj.runs/impl_215/fir8_test_opt.dcp' has been generated.
INFO: [runtcl-4] Executing : report_drc -file fir8_test_drc_opted.rpt -pb fir8_test_drc_opted.pb -rpx fir8_test_drc_opted.rpx
Command: report_drc -file fir8_test_drc_opted.rpt -pb fir8_test_drc_opted.pb -rpx fir8_test_drc_opted.rpx
INFO: [IP_Flow 19-234] Refreshing IP repositories
INFO: [IP_Flow 19-1704] No user IP repositories specified
INFO: [IP_Flow 19-2313] Loaded Vivado IP repository 'D:/Programas/Xilinx/Vivado/2019.2/data/ip'.
INFO: [DRC 23-27] Running DRC with 2 threads
INFO: [Coretcl 2-168] The results of DRC are in file C:/Users/ricar/Desktop/EConfig/Trabalhos/proj/FLP_proj/FLP_proj.runs/impl_215/fir8_test_drc_opted.rpt.
report_drc completed successfully
Command: place_design
Attempting to get a license for feature 'Implementation' and/or device 'xc7a35t'
INFO: [Common 17-349] Got license for feature 'Implementation' and/or device 'xc7a35t'
INFO: [DRC 23-27] Running DRC with 2 threads
INFO: [Vivado_Tcl 4-198] DRC finished with 0 Errors
INFO: [Vivado_Tcl 4-199] Please refer to the DRC report (report_drc) for more information.
Running DRC as a precondition to command place_design
INFO: [DRC 23-27] Running DRC with 2 threads
WARNING: [DRC CHECK-3] Report rule limit reached: REQP-1839 rule limit reached: 20 violations have been found.
WARNING: [DRC REQP-1839] RAMB36 async control check: The RAMB36E1 dds_sine_i3/lut_addr_reg_0 has an input control pin dds_sine_i3/lut_addr_reg_0/ADDRARDADDR[10] (net: dds_sine_i3/sel[8]) which is driven by a register (dds_sine_i3/r_nco_reg[27]) that has an active asychronous set or reset. This may cause corruption of the memory contents and/or read values when the set/reset is asserted and is not analyzed by the default static timing analysis. It is suggested to eliminate the use of a set/reset to registers driving this RAMB pin or else use a synchronous reset in which the assertion of the reset is timed by default.
WARNING: [DRC REQP-1839] RAMB36 async control check: The RAMB36E1 dds_sine_i3/lut_addr_reg_0 has an input control pin dds_sine_i3/lut_addr_reg_0/ADDRARDADDR[11] (net: dds_sine_i3/sel[9]) which is driven by a register (dds_sine_i3/r_nco_reg[28]) that has an active asychronous set or reset. This may cause corruption of the memory contents and/or read values when the set/reset is asserted and is not analyzed by the default static timing analysis. It is suggested to eliminate the use of a set/reset to registers driving this RAMB pin or else use a synchronous reset in which the assertion of the reset is timed by default.
WARNING: [DRC REQP-1839] RAMB36 async control check: The RAMB36E1 dds_sine_i3/lut_addr_reg_0 has an input control pin dds_sine_i3/lut_addr_reg_0/ADDRARDADDR[12] (net: dds_sine_i3/sel[10]) which is driven by a register (dds_sine_i3/r_nco_reg[29]) that has an active asychronous set or reset. This may cause corruption of the memory contents and/or read values when the set/reset is asserted and is not analyzed by the default static timing analysis. It is suggested to eliminate the use of a set/reset to registers driving this RAMB pin or else use a synchronous reset in which the assertion of the reset is timed by default.
WARNING: [DRC REQP-1839] RAMB36 async control check: The RAMB36E1 dds_sine_i3/lut_addr_reg_0 has an input control pin dds_sine_i3/lut_addr_reg_0/ADDRARDADDR[13] (net: dds_sine_i3/sel[11]) which is driven by a register (dds_sine_i3/r_nco_reg[30]) that has an active asychronous set or reset. This may cause corruption of the memory contents and/or read values when the set/reset is asserted and is not analyzed by the default static timing analysis. It is suggested to eliminate the use of a set/reset to registers driving this RAMB pin or else use a synchronous reset in which the assertion of the reset is timed by default.
WARNING: [DRC REQP-1839] RAMB36 async control check: The RAMB36E1 dds_sine_i3/lut_addr_reg_0 has an input control pin dds_sine_i3/lut_addr_reg_0/ADDRARDADDR[14] (net: dds_sine_i3/sel[12]) which is driven by a register (dds_sine_i3/r_nco_reg[31]) that has an active asychronous set or reset. This may cause corruption of the memory contents and/or read values when the set/reset is asserted and is not analyzed by the default static timing analysis. It is suggested to eliminate the use of a set/reset to registers driving this RAMB pin or else use a synchronous reset in which the assertion of the reset is timed by default.
WARNING: [DRC REQP-1839] RAMB36 async control check: The RAMB36E1 dds_sine_i3/lut_addr_reg_0 has an input control pin dds_sine_i3/lut_addr_reg_0/ADDRARDADDR[2] (net: dds_sine_i3/sel[0]) which is driven by a register (dds_sine_i3/r_nco_reg[19]) that has an active asychronous set or reset. This may cause corruption of the memory contents and/or read values when the set/reset is asserted and is not analyzed by the default static timing analysis. It is suggested to eliminate the use of a set/reset to registers driving this RAMB pin or else use a synchronous reset in which the assertion of the reset is timed by default.
WARNING: [DRC REQP-1839] RAMB36 async control check: The RAMB36E1 dds_sine_i3/lut_addr_reg_0 has an input control pin dds_sine_i3/lut_addr_reg_0/ADDRARDADDR[3] (net: dds_sine_i3/sel[1]) which is driven by a register (dds_sine_i3/r_nco_reg[20]) that has an active asychronous set or reset. This may cause corruption of the memory contents and/or read values when the set/reset is asserted and is not analyzed by the default static timing analysis. It is suggested to eliminate the use of a set/reset to registers driving this RAMB pin or else use a synchronous reset in which the assertion of the reset is timed by default.
WARNING: [DRC REQP-1839] RAMB36 async control check: The RAMB36E1 dds_sine_i3/lut_addr_reg_0 has an input control pin dds_sine_i3/lut_addr_reg_0/ADDRARDADDR[4] (net: dds_sine_i3/sel[2]) which is driven by a register (dds_sine_i3/r_nco_reg[21]) that has an active asychronous set or reset. This may cause corruption of the memory contents and/or read values when the set/reset is asserted and is not analyzed by the default static timing analysis. It is suggested to eliminate the use of a set/reset to registers driving this RAMB pin or else use a synchronous reset in which the assertion of the reset is timed by default.
WARNING: [DRC REQP-1839] RAMB36 async control check: The RAMB36E1 dds_sine_i3/lut_addr_reg_0 has an input control pin dds_sine_i3/lut_addr_reg_0/ADDRARDADDR[5] (net: dds_sine_i3/sel[3]) which is driven by a register (dds_sine_i3/r_nco_reg[22]) that has an active asychronous set or reset. This may cause corruption of the memory contents and/or read values when the set/reset is asserted and is not analyzed by the default static timing analysis. It is suggested to eliminate the use of a set/reset to registers driving this RAMB pin or else use a synchronous reset in which the assertion of the reset is timed by default.
WARNING: [DRC REQP-1839] RAMB36 async control check: The RAMB36E1 dds_sine_i3/lut_addr_reg_0 has an input control pin dds_sine_i3/lut_addr_reg_0/ADDRARDADDR[6] (net: dds_sine_i3/sel[4]) which is driven by a register (dds_sine_i3/r_nco_reg[23]) that has an active asychronous set or reset. This may cause corruption of the memory contents and/or read values when the set/reset is asserted and is not analyzed by the default static timing analysis. It is suggested to eliminate the use of a set/reset to registers driving this RAMB pin or else use a synchronous reset in which the assertion of the reset is timed by default.
WARNING: [DRC REQP-1839] RAMB36 async control check: The RAMB36E1 dds_sine_i3/lut_addr_reg_0 has an input control pin dds_sine_i3/lut_addr_reg_0/ADDRARDADDR[7] (net: dds_sine_i3/sel[5]) which is driven by a register (dds_sine_i3/r_nco_reg[24]) that has an active asychronous set or reset. This may cause corruption of the memory contents and/or read values when the set/reset is asserted and is not analyzed by the default static timing analysis. It is suggested to eliminate the use of a set/reset to registers driving this RAMB pin or else use a synchronous reset in which the assertion of the reset is timed by default.
WARNING: [DRC REQP-1839] RAMB36 async control check: The RAMB36E1 dds_sine_i3/lut_addr_reg_0 has an input control pin dds_sine_i3/lut_addr_reg_0/ADDRARDADDR[8] (net: dds_sine_i3/sel[6]) which is driven by a register (dds_sine_i3/r_nco_reg[25]) that has an active asychronous set or reset. This may cause corruption of the memory contents and/or read values when the set/reset is asserted and is not analyzed by the default static timing analysis. It is suggested to eliminate the use of a set/reset to registers driving this RAMB pin or else use a synchronous reset in which the assertion of the reset is timed by default.
WARNING: [DRC REQP-1839] RAMB36 async control check: The RAMB36E1 dds_sine_i3/lut_addr_reg_0 has an input control pin dds_sine_i3/lut_addr_reg_0/ADDRARDADDR[9] (net: dds_sine_i3/sel[7]) which is driven by a register (dds_sine_i3/r_nco_reg[26]) that has an active asychronous set or reset. This may cause corruption of the memory contents and/or read values when the set/reset is asserted and is not analyzed by the default static timing analysis. It is suggested to eliminate the use of a set/reset to registers driving this RAMB pin or else use a synchronous reset in which the assertion of the reset is timed by default.
WARNING: [DRC REQP-1839] RAMB36 async control check: The RAMB36E1 dds_sine_i3/lut_addr_reg_1 has an input control pin dds_sine_i3/lut_addr_reg_1/ADDRARDADDR[10] (net: dds_sine_i3/sel[8]) which is driven by a register (dds_sine_i3/r_nco_reg[27]) that has an active asychronous set or reset. This may cause corruption of the memory contents and/or read values when the set/reset is asserted and is not analyzed by the default static timing analysis. It is suggested to eliminate the use of a set/reset to registers driving this RAMB pin or else use a synchronous reset in which the assertion of the reset is timed by default.
WARNING: [DRC REQP-1839] RAMB36 async control check: The RAMB36E1 dds_sine_i3/lut_addr_reg_1 has an input control pin dds_sine_i3/lut_addr_reg_1/ADDRARDADDR[11] (net: dds_sine_i3/sel[9]) which is driven by a register (dds_sine_i3/r_nco_reg[28]) that has an active asychronous set or reset. This may cause corruption of the memory contents and/or read values when the set/reset is asserted and is not analyzed by the default static timing analysis. It is suggested to eliminate the use of a set/reset to registers driving this RAMB pin or else use a synchronous reset in which the assertion of the reset is timed by default.
WARNING: [DRC REQP-1839] RAMB36 async control check: The RAMB36E1 dds_sine_i3/lut_addr_reg_1 has an input control pin dds_sine_i3/lut_addr_reg_1/ADDRARDADDR[12] (net: dds_sine_i3/sel[10]) which is driven by a register (dds_sine_i3/r_nco_reg[29]) that has an active asychronous set or reset. This may cause corruption of the memory contents and/or read values when the set/reset is asserted and is not analyzed by the default static timing analysis. It is suggested to eliminate the use of a set/reset to registers driving this RAMB pin or else use a synchronous reset in which the assertion of the reset is timed by default.
WARNING: [DRC REQP-1839] RAMB36 async control check: The RAMB36E1 dds_sine_i3/lut_addr_reg_1 has an input control pin dds_sine_i3/lut_addr_reg_1/ADDRARDADDR[13] (net: dds_sine_i3/sel[11]) which is driven by a register (dds_sine_i3/r_nco_reg[30]) that has an active asychronous set or reset. This may cause corruption of the memory contents and/or read values when the set/reset is asserted and is not analyzed by the default static timing analysis. It is suggested to eliminate the use of a set/reset to registers driving this RAMB pin or else use a synchronous reset in which the assertion of the reset is timed by default.
WARNING: [DRC REQP-1839] RAMB36 async control check: The RAMB36E1 dds_sine_i3/lut_addr_reg_1 has an input control pin dds_sine_i3/lut_addr_reg_1/ADDRARDADDR[14] (net: dds_sine_i3/sel[12]) which is driven by a register (dds_sine_i3/r_nco_reg[31]) that has an active asychronous set or reset. This may cause corruption of the memory contents and/or read values when the set/reset is asserted and is not analyzed by the default static timing analysis. It is suggested to eliminate the use of a set/reset to registers driving this RAMB pin or else use a synchronous reset in which the assertion of the reset is timed by default.
WARNING: [DRC REQP-1839] RAMB36 async control check: The RAMB36E1 dds_sine_i3/lut_addr_reg_1 has an input control pin dds_sine_i3/lut_addr_reg_1/ADDRARDADDR[8] (net: dds_sine_i3/sel[6]) which is driven by a register (dds_sine_i3/r_nco_reg[25]) that has an active asychronous set or reset. This may cause corruption of the memory contents and/or read values when the set/reset is asserted and is not analyzed by the default static timing analysis. It is suggested to eliminate the use of a set/reset to registers driving this RAMB pin or else use a synchronous reset in which the assertion of the reset is timed by default.
WARNING: [DRC REQP-1839] RAMB36 async control check: The RAMB36E1 dds_sine_i3/lut_addr_reg_1 has an input control pin dds_sine_i3/lut_addr_reg_1/ADDRARDADDR[9] (net: dds_sine_i3/sel[7]) which is driven by a register (dds_sine_i3/r_nco_reg[26]) that has an active asychronous set or reset. This may cause corruption of the memory contents and/or read values when the set/reset is asserted and is not analyzed by the default static timing analysis. It is suggested to eliminate the use of a set/reset to registers driving this RAMB pin or else use a synchronous reset in which the assertion of the reset is timed by default.
WARNING: [DRC REQP-1840] RAMB18 async control check: The RAMB18E1 dds_sine_i3/lut_addr_reg_3 has an input control pin dds_sine_i3/lut_addr_reg_3/ADDRARDADDR[10] (net: dds_sine_i3/sel[9]) which is driven by a register (dds_sine_i3/r_nco_reg[28]) that has an active asychronous set or reset. This may cause corruption of the memory contents and/or read values when the set/reset is asserted and is not analyzed by the default static timing analysis. It is suggested to eliminate the use of a set/reset to registers driving this RAMB pin or else use a synchronous reset in which the assertion of the reset is timed by default.
WARNING: [DRC REQP-1840] RAMB18 async control check: The RAMB18E1 dds_sine_i3/lut_addr_reg_3 has an input control pin dds_sine_i3/lut_addr_reg_3/ADDRARDADDR[11] (net: dds_sine_i3/sel[10]) which is driven by a register (dds_sine_i3/r_nco_reg[29]) that has an active asychronous set or reset. This may cause corruption of the memory contents and/or read values when the set/reset is asserted and is not analyzed by the default static timing analysis. It is suggested to eliminate the use of a set/reset to registers driving this RAMB pin or else use a synchronous reset in which the assertion of the reset is timed by default.
WARNING: [DRC REQP-1840] RAMB18 async control check: The RAMB18E1 dds_sine_i3/lut_addr_reg_3 has an input control pin dds_sine_i3/lut_addr_reg_3/ADDRARDADDR[12] (net: dds_sine_i3/sel[11]) which is driven by a register (dds_sine_i3/r_nco_reg[30]) that has an active asychronous set or reset. This may cause corruption of the memory contents and/or read values when the set/reset is asserted and is not analyzed by the default static timing analysis. It is suggested to eliminate the use of a set/reset to registers driving this RAMB pin or else use a synchronous reset in which the assertion of the reset is timed by default.
WARNING: [DRC REQP-1840] RAMB18 async control check: The RAMB18E1 dds_sine_i3/lut_addr_reg_3 has an input control pin dds_sine_i3/lut_addr_reg_3/ADDRARDADDR[13] (net: dds_sine_i3/sel[12]) which is driven by a register (dds_sine_i3/r_nco_reg[31]) that has an active asychronous set or reset. This may cause corruption of the memory contents and/or read values when the set/reset is asserted and is not analyzed by the default static timing analysis. It is suggested to eliminate the use of a set/reset to registers driving this RAMB pin or else use a synchronous reset in which the assertion of the reset is timed by default.
WARNING: [DRC REQP-1840] RAMB18 async control check: The RAMB18E1 dds_sine_i3/lut_addr_reg_3 has an input control pin dds_sine_i3/lut_addr_reg_3/ADDRARDADDR[1] (net: dds_sine_i3/sel[0]) which is driven by a register (dds_sine_i3/r_nco_reg[19]) that has an active asychronous set or reset. This may cause corruption of the memory contents and/or read values when the set/reset is asserted and is not analyzed by the default static timing analysis. It is suggested to eliminate the use of a set/reset to registers driving this RAMB pin or else use a synchronous reset in which the assertion of the reset is timed by default.
WARNING: [DRC REQP-1840] RAMB18 async control check: The RAMB18E1 dds_sine_i3/lut_addr_reg_3 has an input control pin dds_sine_i3/lut_addr_reg_3/ADDRARDADDR[2] (net: dds_sine_i3/sel[1]) which is driven by a register (dds_sine_i3/r_nco_reg[20]) that has an active asychronous set or reset. This may cause corruption of the memory contents and/or read values when the set/reset is asserted and is not analyzed by the default static timing analysis. It is suggested to eliminate the use of a set/reset to registers driving this RAMB pin or else use a synchronous reset in which the assertion of the reset is timed by default.
WARNING: [DRC REQP-1840] RAMB18 async control check: The RAMB18E1 dds_sine_i3/lut_addr_reg_3 has an input control pin dds_sine_i3/lut_addr_reg_3/ADDRARDADDR[3] (net: dds_sine_i3/sel[2]) which is driven by a register (dds_sine_i3/r_nco_reg[21]) that has an active asychronous set or reset. This may cause corruption of the memory contents and/or read values when the set/reset is asserted and is not analyzed by the default static timing analysis. It is suggested to eliminate the use of a set/reset to registers driving this RAMB pin or else use a synchronous reset in which the assertion of the reset is timed by default.
WARNING: [DRC REQP-1840] RAMB18 async control check: The RAMB18E1 dds_sine_i3/lut_addr_reg_3 has an input control pin dds_sine_i3/lut_addr_reg_3/ADDRARDADDR[4] (net: dds_sine_i3/sel[3]) which is driven by a register (dds_sine_i3/r_nco_reg[22]) that has an active asychronous set or reset. This may cause corruption of the memory contents and/or read values when the set/reset is asserted and is not analyzed by the default static timing analysis. It is suggested to eliminate the use of a set/reset to registers driving this RAMB pin or else use a synchronous reset in which the assertion of the reset is timed by default.
WARNING: [DRC REQP-1840] RAMB18 async control check: The RAMB18E1 dds_sine_i3/lut_addr_reg_3 has an input control pin dds_sine_i3/lut_addr_reg_3/ADDRARDADDR[5] (net: dds_sine_i3/sel[4]) which is driven by a register (dds_sine_i3/r_nco_reg[23]) that has an active asychronous set or reset. This may cause corruption of the memory contents and/or read values when the set/reset is asserted and is not analyzed by the default static timing analysis. It is suggested to eliminate the use of a set/reset to registers driving this RAMB pin or else use a synchronous reset in which the assertion of the reset is timed by default.
WARNING: [DRC REQP-1840] RAMB18 async control check: The RAMB18E1 dds_sine_i3/lut_addr_reg_3 has an input control pin dds_sine_i3/lut_addr_reg_3/ADDRARDADDR[6] (net: dds_sine_i3/sel[5]) which is driven by a register (dds_sine_i3/r_nco_reg[24]) that has an active asychronous set or reset. This may cause corruption of the memory contents and/or read values when the set/reset is asserted and is not analyzed by the default static timing analysis. It is suggested to eliminate the use of a set/reset to registers driving this RAMB pin or else use a synchronous reset in which the assertion of the reset is timed by default.
WARNING: [DRC REQP-1840] RAMB18 async control check: The RAMB18E1 dds_sine_i3/lut_addr_reg_3 has an input control pin dds_sine_i3/lut_addr_reg_3/ADDRARDADDR[7] (net: dds_sine_i3/sel[6]) which is driven by a register (dds_sine_i3/r_nco_reg[25]) that has an active asychronous set or reset. This may cause corruption of the memory contents and/or read values when the set/reset is asserted and is not analyzed by the default static timing analysis. It is suggested to eliminate the use of a set/reset to registers driving this RAMB pin or else use a synchronous reset in which the assertion of the reset is timed by default.
WARNING: [DRC REQP-1840] RAMB18 async control check: The RAMB18E1 dds_sine_i3/lut_addr_reg_3 has an input control pin dds_sine_i3/lut_addr_reg_3/ADDRARDADDR[8] (net: dds_sine_i3/sel[7]) which is driven by a register (dds_sine_i3/r_nco_reg[26]) that has an active asychronous set or reset. This may cause corruption of the memory contents and/or read values when the set/reset is asserted and is not analyzed by the default static timing analysis. It is suggested to eliminate the use of a set/reset to registers driving this RAMB pin or else use a synchronous reset in which the assertion of the reset is timed by default.
WARNING: [DRC REQP-1840] RAMB18 async control check: The RAMB18E1 dds_sine_i3/lut_addr_reg_3 has an input control pin dds_sine_i3/lut_addr_reg_3/ADDRARDADDR[9] (net: dds_sine_i3/sel[8]) which is driven by a register (dds_sine_i3/r_nco_reg[27]) that has an active asychronous set or reset. This may cause corruption of the memory contents and/or read values when the set/reset is asserted and is not analyzed by the default static timing analysis. It is suggested to eliminate the use of a set/reset to registers driving this RAMB pin or else use a synchronous reset in which the assertion of the reset is timed by default.
INFO: [Vivado_Tcl 4-198] DRC finished with 0 Errors, 34 Warnings
INFO: [Vivado_Tcl 4-199] Please refer to the DRC report (report_drc) for more information.

Starting Placer Task
INFO: [Place 30-611] Multithreading enabled for place_design using a maximum of 2 CPUs

Phase 1 Placer Initialization

Phase 1.1 Placer Initialization Netlist Sorting
Netlist sorting complete. Time (s): cpu = 00:00:00 ; elapsed = 00:00:00.001 . Memory (MB): peak = 1568.043 ; gain = 0.000
Phase 1.1 Placer Initialization Netlist Sorting | Checksum: e241b91f

Time (s): cpu = 00:00:00 ; elapsed = 00:00:00.009 . Memory (MB): peak = 1568.043 ; gain = 0.000
Netlist sorting complete. Time (s): cpu = 00:00:00 ; elapsed = 00:00:00 . Memory (MB): peak = 1568.043 ; gain = 0.000

Phase 1.2 IO Placement/ Clock Placement/ Build Placer Device
INFO: [Constraints 18-483] create_clock: no pin(s)/port(s)/net(s) specified as objects, only virtual clock 'virtual_clock' will be created. If you don't want this, please specify pin(s)/ports(s)/net(s) as objects to the command. [C:/Users/ricar/Desktop/EConfig/Trabalhos/proj/P1_Sources/fir8_test_timing.xdc:13]
INFO: [Timing 38-35] Done setting XDC timing constraints.
Phase 1.2 IO Placement/ Clock Placement/ Build Placer Device | Checksum: f099ce3a

Time (s): cpu = 00:00:03 ; elapsed = 00:00:02 . Memory (MB): peak = 1568.043 ; gain = 0.000

Phase 1.3 Build Placer Netlist Model
Phase 1.3 Build Placer Netlist Model | Checksum: 176483990

Time (s): cpu = 00:00:04 ; elapsed = 00:00:02 . Memory (MB): peak = 1568.043 ; gain = 0.000

Phase 1.4 Constrain Clocks/Macros
Phase 1.4 Constrain Clocks/Macros | Checksum: 176483990

Time (s): cpu = 00:00:04 ; elapsed = 00:00:02 . Memory (MB): peak = 1568.043 ; gain = 0.000
Phase 1 Placer Initialization | Checksum: 176483990

Time (s): cpu = 00:00:04 ; elapsed = 00:00:02 . Memory (MB): peak = 1568.043 ; gain = 0.000

Phase 2 Global Placement

Phase 2.1 Floorplanning
Phase 2.1 Floorplanning | Checksum: 1c2406841

Time (s): cpu = 00:00:04 ; elapsed = 00:00:03 . Memory (MB): peak = 1568.043 ; gain = 0.000

Phase 2.2 Global Placement Core

Phase 2.2.1 Physical Synthesis In Placer
INFO: [Physopt 32-775] End 1 Pass. Optimized 0 net or cell. Created 0 new cell, deleted 0 existing cell and moved 0 existing cell
INFO: [Physopt 32-65] No nets found for high-fanout optimization.
INFO: [Physopt 32-232] Optimized 0 net. Created 0 new instance.
INFO: [Physopt 32-775] End 1 Pass. Optimized 0 net or cell. Created 0 new cell, deleted 0 existing cell and moved 0 existing cell
INFO: [Physopt 32-456] No candidate cells for DSP register optimization found in the design.
INFO: [Physopt 32-775] End 2 Pass. Optimized 0 net or cell. Created 0 new cell, deleted 0 existing cell and moved 0 existing cell
INFO: [Physopt 32-775] End 1 Pass. Optimized 0 net or cell. Created 0 new cell, deleted 0 existing cell and moved 0 existing cell
INFO: [Physopt 32-677] No candidate cells for Shift Register optimization found in the design
INFO: [Physopt 32-775] End 1 Pass. Optimized 0 net or cell. Created 0 new cell, deleted 0 existing cell and moved 0 existing cell
INFO: [Physopt 32-526] No candidate cells for BRAM register optimization found in the design
INFO: [Physopt 32-775] End 1 Pass. Optimized 0 net or cell. Created 0 new cell, deleted 0 existing cell and moved 0 existing cell
INFO: [Physopt 32-949] No candidate nets found for HD net replication
INFO: [Physopt 32-775] End 1 Pass. Optimized 0 net or cell. Created 0 new cell, deleted 0 existing cell and moved 0 existing cell
Netlist sorting complete. Time (s): cpu = 00:00:00 ; elapsed = 00:00:00 . Memory (MB): peak = 1568.043 ; gain = 0.000

Summary of Physical Synthesis Optimizations
============================================


-----------------------------------------------------------------------------------------------------------------------------------------------------------
|  Optimization                                     |  Added Cells  |  Removed Cells  |  Optimized Cells/Nets  |  Dont Touch  |  Iterations  |  Elapsed   |
-----------------------------------------------------------------------------------------------------------------------------------------------------------
|  LUT Combining                                    |            0  |              0  |                     0  |           0  |           1  |  00:00:00  |
|  Very High Fanout                                 |            0  |              0  |                     0  |           0  |           1  |  00:00:00  |
|  DSP Register                                     |            0  |              0  |                     0  |           0  |           1  |  00:00:00  |
|  Shift Register to Pipeline                       |            0  |              0  |                     0  |           0  |           1  |  00:00:00  |
|  Shift Register                                   |            0  |              0  |                     0  |           0  |           1  |  00:00:00  |
|  BRAM Register                                    |            0  |              0  |                     0  |           0  |           1  |  00:00:00  |
|  Dynamic/Static Region Interface Net Replication  |            0  |              0  |                     0  |           0  |           1  |  00:00:00  |
|  Total                                            |            0  |              0  |                     0  |           0  |           7  |  00:00:00  |
-----------------------------------------------------------------------------------------------------------------------------------------------------------


Phase 2.2.1 Physical Synthesis In Placer | Checksum: 15391e62e

Time (s): cpu = 00:00:13 ; elapsed = 00:00:08 . Memory (MB): peak = 1568.043 ; gain = 0.000
Phase 2.2 Global Placement Core | Checksum: 224395327

Time (s): cpu = 00:00:14 ; elapsed = 00:00:08 . Memory (MB): peak = 1568.043 ; gain = 0.000
Phase 2 Global Placement | Checksum: 224395327

Time (s): cpu = 00:00:14 ; elapsed = 00:00:08 . Memory (MB): peak = 1568.043 ; gain = 0.000

Phase 3 Detail Placement

Phase 3.1 Commit Multi Column Macros
Phase 3.1 Commit Multi Column Macros | Checksum: 15bdafda8

Time (s): cpu = 00:00:14 ; elapsed = 00:00:08 . Memory (MB): peak = 1568.043 ; gain = 0.000

Phase 3.2 Commit Most Macros & LUTRAMs
Phase 3.2 Commit Most Macros & LUTRAMs | Checksum: 27cb3fcee

Time (s): cpu = 00:00:14 ; elapsed = 00:00:09 . Memory (MB): peak = 1568.043 ; gain = 0.000

Phase 3.3 Area Swap Optimization
Phase 3.3 Area Swap Optimization | Checksum: 23b95f40b

Time (s): cpu = 00:00:14 ; elapsed = 00:00:09 . Memory (MB): peak = 1568.043 ; gain = 0.000

Phase 3.4 Pipeline Register Optimization
Phase 3.4 Pipeline Register Optimization | Checksum: 280f22374

Time (s): cpu = 00:00:14 ; elapsed = 00:00:09 . Memory (MB): peak = 1568.043 ; gain = 0.000

Phase 3.5 Fast Optimization
Phase 3.5 Fast Optimization | Checksum: 28f52db57

Time (s): cpu = 00:00:15 ; elapsed = 00:00:09 . Memory (MB): peak = 1568.043 ; gain = 0.000

Phase 3.6 Small Shape Detail Placement
Phase 3.6 Small Shape Detail Placement | Checksum: 1aba87dd5

Time (s): cpu = 00:00:15 ; elapsed = 00:00:10 . Memory (MB): peak = 1568.043 ; gain = 0.000

Phase 3.7 Re-assign LUT pins
Phase 3.7 Re-assign LUT pins | Checksum: 1aba87dd5

Time (s): cpu = 00:00:15 ; elapsed = 00:00:10 . Memory (MB): peak = 1568.043 ; gain = 0.000

Phase 3.8 Pipeline Register Optimization
Phase 3.8 Pipeline Register Optimization | Checksum: 1f4bffb57

Time (s): cpu = 00:00:15 ; elapsed = 00:00:10 . Memory (MB): peak = 1568.043 ; gain = 0.000

Phase 3.9 Fast Optimization
Phase 3.9 Fast Optimization | Checksum: 1967a46cc

Time (s): cpu = 00:00:16 ; elapsed = 00:00:11 . Memory (MB): peak = 1568.043 ; gain = 0.000
Phase 3 Detail Placement | Checksum: 1967a46cc

Time (s): cpu = 00:00:16 ; elapsed = 00:00:11 . Memory (MB): peak = 1568.043 ; gain = 0.000

Phase 4 Post Placement Optimization and Clean-Up

Phase 4.1 Post Commit Optimization
INFO: [Constraints 18-483] create_clock: no pin(s)/port(s)/net(s) specified as objects, only virtual clock 'virtual_clock' will be created. If you don't want this, please specify pin(s)/ports(s)/net(s) as objects to the command. [C:/Users/ricar/Desktop/EConfig/Trabalhos/proj/P1_Sources/fir8_test_timing.xdc:13]
INFO: [Timing 38-35] Done setting XDC timing constraints.

Phase 4.1.1 Post Placement Optimization
Post Placement Optimization Initialization | Checksum: 223901ff0

Phase 4.1.1.1 BUFG Insertion
INFO: [Place 46-56] BUFG insertion identified 0 candidate nets. Inserted BUFG: 0, Replicated BUFG Driver: 0, Skipped due to Placement/Routing Conflicts: 0, Skipped due to Timing Degradation: 0, Skipped due to Illegal Netlist: 0.
Phase 4.1.1.1 BUFG Insertion | Checksum: 223901ff0

Time (s): cpu = 00:00:17 ; elapsed = 00:00:12 . Memory (MB): peak = 1568.043 ; gain = 0.000
INFO: [Place 30-746] Post Placement Timing Summary WNS=-2.422. For the most accurate timing information please run report_timing.
Phase 4.1.1 Post Placement Optimization | Checksum: 1c5a7c870

Time (s): cpu = 00:00:28 ; elapsed = 00:00:25 . Memory (MB): peak = 1568.043 ; gain = 0.000
Phase 4.1 Post Commit Optimization | Checksum: 1c5a7c870

Time (s): cpu = 00:00:28 ; elapsed = 00:00:25 . Memory (MB): peak = 1568.043 ; gain = 0.000

Phase 4.2 Post Placement Cleanup
Phase 4.2 Post Placement Cleanup | Checksum: 1c5a7c870

Time (s): cpu = 00:00:28 ; elapsed = 00:00:25 . Memory (MB): peak = 1568.043 ; gain = 0.000

Phase 4.3 Placer Reporting
Phase 4.3 Placer Reporting | Checksum: 1c5a7c870

Time (s): cpu = 00:00:28 ; elapsed = 00:00:25 . Memory (MB): peak = 1568.043 ; gain = 0.000

Phase 4.4 Final Placement Cleanup
Netlist sorting complete. Time (s): cpu = 00:00:00 ; elapsed = 00:00:00.001 . Memory (MB): peak = 1568.043 ; gain = 0.000
Phase 4.4 Final Placement Cleanup | Checksum: 1c5a7c870

Time (s): cpu = 00:00:28 ; elapsed = 00:00:25 . Memory (MB): peak = 1568.043 ; gain = 0.000
Phase 4 Post Placement Optimization and Clean-Up | Checksum: 1c5a7c870

Time (s): cpu = 00:00:28 ; elapsed = 00:00:25 . Memory (MB): peak = 1568.043 ; gain = 0.000
Ending Placer Task | Checksum: 15212cc28

Time (s): cpu = 00:00:28 ; elapsed = 00:00:25 . Memory (MB): peak = 1568.043 ; gain = 0.000
INFO: [Common 17-83] Releasing license: Implementation
72 Infos, 34 Warnings, 0 Critical Warnings and 0 Errors encountered.
place_design completed successfully
place_design: Time (s): cpu = 00:00:31 ; elapsed = 00:00:27 . Memory (MB): peak = 1568.043 ; gain = 0.000
Netlist sorting complete. Time (s): cpu = 00:00:00 ; elapsed = 00:00:00.001 . Memory (MB): peak = 1568.043 ; gain = 0.000
INFO: [Timing 38-480] Writing timing data to binary archive.
Writing placer database...
Writing XDEF routing.
Writing XDEF routing logical nets.
Writing XDEF routing special nets.
Write XDEF Complete: Time (s): cpu = 00:00:01 ; elapsed = 00:00:00.147 . Memory (MB): peak = 1568.043 ; gain = 0.000
INFO: [Common 17-1381] The checkpoint 'C:/Users/ricar/Desktop/EConfig/Trabalhos/proj/FLP_proj/FLP_proj.runs/impl_215/fir8_test_placed.dcp' has been generated.
INFO: [runtcl-4] Executing : report_io -file fir8_test_io_placed.rpt
report_io: Time (s): cpu = 00:00:00 ; elapsed = 00:00:00.105 . Memory (MB): peak = 1568.043 ; gain = 0.000
INFO: [runtcl-4] Executing : report_utilization -file fir8_test_utilization_placed.rpt -pb fir8_test_utilization_placed.pb
INFO: [runtcl-4] Executing : report_control_sets -verbose -file fir8_test_control_sets_placed.rpt
report_control_sets: Time (s): cpu = 00:00:00 ; elapsed = 00:00:00.007 . Memory (MB): peak = 1568.043 ; gain = 0.000
Command: phys_opt_design
Attempting to get a license for feature 'Implementation' and/or device 'xc7a35t'
INFO: [Common 17-349] Got license for feature 'Implementation' and/or device 'xc7a35t'
Netlist sorting complete. Time (s): cpu = 00:00:00 ; elapsed = 00:00:00 . Memory (MB): peak = 1568.043 ; gain = 0.000

Starting Physical Synthesis Task

Phase 1 Physical Synthesis Initialization
INFO: [Physopt 32-721] Multithreading enabled for phys_opt_design using a maximum of 2 CPUs
INFO: [Physopt 32-619] Estimated Timing Summary | WNS=-2.422 | TNS=-35.489 |
Phase 1 Physical Synthesis Initialization | Checksum: 18e464e90

Time (s): cpu = 00:00:02 ; elapsed = 00:00:02 . Memory (MB): peak = 1568.043 ; gain = 0.000
INFO: [Physopt 32-619] Estimated Timing Summary | WNS=-2.422 | TNS=-35.489 |

Phase 2 DSP Register Optimization
INFO: [Physopt 32-456] No candidate cells for DSP register optimization found in the design.
INFO: [Physopt 32-775] End 2 Pass. Optimized 0 net or cell. Created 0 new cell, deleted 0 existing cell and moved 0 existing cell
Phase 2 DSP Register Optimization | Checksum: 18e464e90

Time (s): cpu = 00:00:02 ; elapsed = 00:00:02 . Memory (MB): peak = 1568.043 ; gain = 0.000

Phase 3 Critical Path Optimization
INFO: [Physopt 32-619] Estimated Timing Summary | WNS=-2.422 | TNS=-35.489 |
INFO: [Physopt 32-702] Processed net fir_filter_i4/Q[15]. Optimizations did not improve timing on the net.
INFO: [Physopt 32-81] Processed net fir_filter_i4/p_data_reg[4][13]. Replicated 1 times.
INFO: [Physopt 32-735] Processed net fir_filter_i4/p_data_reg[4][13]. Optimization improves timing on the net.
INFO: [Physopt 32-619] Estimated Timing Summary | WNS=-2.359 | TNS=-34.481 |
INFO: [Physopt 32-572] Net fir_filter_i4/p_data_reg[4][13]_repN was not replicated.
Resolution: phys_opt_design can be forced to replicate a net driver using the option -force_replication_on_nets <list of net objects>.
INFO: [Physopt 32-662] Processed net fir_filter_i4/p_data_reg[4][13]_repN.  Did not re-place instance fir_filter_i4/p_data_reg[4][13]_replica
INFO: [Physopt 32-572] Net fir_filter_i4/p_data_reg[4][13]_repN was not replicated.
Resolution: phys_opt_design can be forced to replicate a net driver using the option -force_replication_on_nets <list of net objects>.
INFO: [Physopt 32-702] Processed net fir_filter_i4/p_data_reg[4][13]_repN. Optimizations did not improve timing on the net.
INFO: [Physopt 32-702] Processed net fir_filter_i4/o_data_reg[14]_i_1_n_0. Optimizations did not improve timing on the net.
INFO: [Physopt 32-702] Processed net fir_filter_i4/o_data_reg[10]_i_1_n_0. Optimizations did not improve timing on the net.
INFO: [Physopt 32-702] Processed net fir_filter_i4/o_data_reg[6]_i_1_n_0. Optimizations did not improve timing on the net.
INFO: [Physopt 32-702] Processed net fir_filter_i4/o_data_reg[2]_i_1_n_0. Optimizations did not improve timing on the net.
INFO: [Physopt 32-702] Processed net fir_filter_i4/o_data_reg[2]_i_2_n_0. Optimizations did not improve timing on the net.
INFO: [Physopt 32-702] Processed net fir_filter_i4/o_data[2]_i_11_n_0. Optimizations did not improve timing on the net.
INFO: [Physopt 32-702] Processed net fir_filter_i4/p_0_in[15]. Optimizations did not improve timing on the net.
INFO: [Physopt 32-702] Processed net fir_filter_i4/RESIZE0__3_n_101. Optimizations did not improve timing on the net.
INFO: [Physopt 32-702] Processed net fir_filter_i4/RESIZE0__2_n_83. Optimizations did not improve timing on the net.
INFO: [Physopt 32-702] Processed net fir_filter_i4/RESIZE0__1_n_106. Optimizations did not improve timing on the net.
INFO: [Physopt 32-702] Processed net clk_IBUF. Optimizations did not improve timing on the net.
INFO: [Physopt 32-702] Processed net clk. Optimizations did not improve timing on the net.
INFO: [Physopt 32-702] Processed net fir_filter_i4/Q[15]. Optimizations did not improve timing on the net.
INFO: [Physopt 32-662] Processed net fir_filter_i4/p_data_reg[4][13]_repN.  Did not re-place instance fir_filter_i4/p_data_reg[4][13]_replica
INFO: [Physopt 32-702] Processed net fir_filter_i4/p_data_reg[4][13]_repN. Optimizations did not improve timing on the net.
INFO: [Physopt 32-702] Processed net fir_filter_i4/o_data[2]_i_11_n_0. Optimizations did not improve timing on the net.
INFO: [Physopt 32-702] Processed net fir_filter_i4/p_0_in[15]. Optimizations did not improve timing on the net.
INFO: [Physopt 32-702] Processed net fir_filter_i4/RESIZE0__3_n_101. Optimizations did not improve timing on the net.
INFO: [Physopt 32-702] Processed net fir_filter_i4/RESIZE0__2_n_83. Optimizations did not improve timing on the net.
INFO: [Physopt 32-702] Processed net clk_IBUF. Optimizations did not improve timing on the net.
INFO: [Physopt 32-702] Processed net clk. Optimizations did not improve timing on the net.
INFO: [Physopt 32-619] Estimated Timing Summary | WNS=-2.359 | TNS=-34.481 |
Phase 3 Critical Path Optimization | Checksum: 18e464e90

Time (s): cpu = 00:00:04 ; elapsed = 00:00:03 . Memory (MB): peak = 1568.043 ; gain = 0.000

Phase 4 Critical Path Optimization
INFO: [Physopt 32-619] Estimated Timing Summary | WNS=-2.359 | TNS=-34.481 |
INFO: [Physopt 32-702] Processed net fir_filter_i4/Q[15]. Optimizations did not improve timing on the net.
INFO: [Physopt 32-572] Net fir_filter_i4/p_data_reg[4][13]_repN was not replicated.
Resolution: phys_opt_design can be forced to replicate a net driver using the option -force_replication_on_nets <list of net objects>.
INFO: [Physopt 32-662] Processed net fir_filter_i4/p_data_reg[4][13]_repN.  Did not re-place instance fir_filter_i4/p_data_reg[4][13]_replica
INFO: [Physopt 32-572] Net fir_filter_i4/p_data_reg[4][13]_repN was not replicated.
Resolution: phys_opt_design can be forced to replicate a net driver using the option -force_replication_on_nets <list of net objects>.
INFO: [Physopt 32-702] Processed net fir_filter_i4/p_data_reg[4][13]_repN. Optimizations did not improve timing on the net.
INFO: [Physopt 32-702] Processed net fir_filter_i4/o_data_reg[14]_i_1_n_0. Optimizations did not improve timing on the net.
INFO: [Physopt 32-702] Processed net fir_filter_i4/o_data_reg[10]_i_1_n_0. Optimizations did not improve timing on the net.
INFO: [Physopt 32-702] Processed net fir_filter_i4/o_data_reg[6]_i_1_n_0. Optimizations did not improve timing on the net.
INFO: [Physopt 32-702] Processed net fir_filter_i4/o_data_reg[2]_i_1_n_0. Optimizations did not improve timing on the net.
INFO: [Physopt 32-702] Processed net fir_filter_i4/o_data_reg[2]_i_2_n_0. Optimizations did not improve timing on the net.
INFO: [Physopt 32-702] Processed net fir_filter_i4/o_data[2]_i_11_n_0. Optimizations did not improve timing on the net.
INFO: [Physopt 32-702] Processed net fir_filter_i4/p_0_in[15]. Optimizations did not improve timing on the net.
INFO: [Physopt 32-702] Processed net fir_filter_i4/RESIZE0__3_n_101. Optimizations did not improve timing on the net.
INFO: [Physopt 32-702] Processed net fir_filter_i4/RESIZE0__2_n_83. Optimizations did not improve timing on the net.
INFO: [Physopt 32-702] Processed net fir_filter_i4/RESIZE0__1_n_106. Optimizations did not improve timing on the net.
INFO: [Physopt 32-702] Processed net clk_IBUF. Optimizations did not improve timing on the net.
INFO: [Physopt 32-702] Processed net clk. Optimizations did not improve timing on the net.
INFO: [Physopt 32-702] Processed net fir_filter_i4/Q[15]. Optimizations did not improve timing on the net.
INFO: [Physopt 32-662] Processed net fir_filter_i4/p_data_reg[4][13]_repN.  Did not re-place instance fir_filter_i4/p_data_reg[4][13]_replica
INFO: [Physopt 32-702] Processed net fir_filter_i4/p_data_reg[4][13]_repN. Optimizations did not improve timing on the net.
INFO: [Physopt 32-702] Processed net fir_filter_i4/o_data[2]_i_11_n_0. Optimizations did not improve timing on the net.
INFO: [Physopt 32-702] Processed net fir_filter_i4/p_0_in[15]. Optimizations did not improve timing on the net.
INFO: [Physopt 32-702] Processed net fir_filter_i4/RESIZE0__3_n_101. Optimizations did not improve timing on the net.
INFO: [Physopt 32-702] Processed net fir_filter_i4/RESIZE0__2_n_83. Optimizations did not improve timing on the net.
INFO: [Physopt 32-702] Processed net clk_IBUF. Optimizations did not improve timing on the net.
INFO: [Physopt 32-702] Processed net clk. Optimizations did not improve timing on the net.
INFO: [Physopt 32-619] Estimated Timing Summary | WNS=-2.359 | TNS=-34.481 |
Phase 4 Critical Path Optimization | Checksum: 18e464e90

Time (s): cpu = 00:00:05 ; elapsed = 00:00:03 . Memory (MB): peak = 1568.043 ; gain = 0.000
Netlist sorting complete. Time (s): cpu = 00:00:00 ; elapsed = 00:00:00.006 . Memory (MB): peak = 1568.043 ; gain = 0.000
INFO: [Physopt 32-603] Post Physical Optimization Timing Summary | WNS=-2.359 | TNS=-34.481 |

Summary of Physical Synthesis Optimizations
============================================


-------------------------------------------------------------------------------------------------------------------------------------------------------------
|  Optimization   |  WNS Gain (ns)  |  TNS Gain (ns)  |  Added Cells  |  Removed Cells  |  Optimized Cells/Nets  |  Dont Touch  |  Iterations  |  Elapsed   |
-------------------------------------------------------------------------------------------------------------------------------------------------------------
|  DSP Register   |          0.000  |          0.000  |            0  |              0  |                     0  |           0  |           1  |  00:00:00  |
|  Critical Path  |          0.063  |          1.008  |            1  |              0  |                     1  |           0  |           2  |  00:00:02  |
|  Total          |          0.063  |          1.008  |            1  |              0  |                     1  |           0  |           3  |  00:00:02  |
-------------------------------------------------------------------------------------------------------------------------------------------------------------


Netlist sorting complete. Time (s): cpu = 00:00:00 ; elapsed = 00:00:00 . Memory (MB): peak = 1568.043 ; gain = 0.000
Ending Physical Synthesis Task | Checksum: 18e464e90

Time (s): cpu = 00:00:05 ; elapsed = 00:00:03 . Memory (MB): peak = 1568.043 ; gain = 0.000
INFO: [Common 17-83] Releasing license: Implementation
144 Infos, 34 Warnings, 0 Critical Warnings and 0 Errors encountered.
phys_opt_design completed successfully
Netlist sorting complete. Time (s): cpu = 00:00:00 ; elapsed = 00:00:00.001 . Memory (MB): peak = 1568.043 ; gain = 0.000
INFO: [Timing 38-480] Writing timing data to binary archive.
Writing placer database...
Writing XDEF routing.
Writing XDEF routing logical nets.
Writing XDEF routing special nets.
Write XDEF Complete: Time (s): cpu = 00:00:00 ; elapsed = 00:00:00.149 . Memory (MB): peak = 1568.043 ; gain = 0.000
INFO: [Common 17-1381] The checkpoint 'C:/Users/ricar/Desktop/EConfig/Trabalhos/proj/FLP_proj/FLP_proj.runs/impl_215/fir8_test_physopt.dcp' has been generated.
Command: route_design
Attempting to get a license for feature 'Implementation' and/or device 'xc7a35t'
INFO: [Common 17-349] Got license for feature 'Implementation' and/or device 'xc7a35t'
INFO: [DRC 23-27] Running DRC with 2 threads
INFO: [Vivado_Tcl 4-198] DRC finished with 0 Errors
INFO: [Vivado_Tcl 4-199] Please refer to the DRC report (report_drc) for more information.
Running DRC as a precondition to command route_design
INFO: [DRC 23-27] Running DRC with 2 threads
INFO: [Vivado_Tcl 4-198] DRC finished with 0 Errors
INFO: [Vivado_Tcl 4-199] Please refer to the DRC report (report_drc) for more information.


Starting Routing Task
INFO: [Route 35-254] Multithreading enabled for route_design using a maximum of 2 CPUs
Checksum: PlaceDB: b405e0d7 ConstDB: 0 ShapeSum: 863792b5 RouteDB: 0

Phase 1 Build RT Design
Phase 1 Build RT Design | Checksum: edb91393

Time (s): cpu = 00:00:41 ; elapsed = 00:00:39 . Memory (MB): peak = 1568.043 ; gain = 0.000
Post Restoration Checksum: NetGraph: 10611e67 NumContArr: dd57f52c Constraints: 0 Timing: 0

Phase 2 Router Initialization

Phase 2.1 Create Timer
Phase 2.1 Create Timer | Checksum: edb91393

Time (s): cpu = 00:00:41 ; elapsed = 00:00:39 . Memory (MB): peak = 1568.043 ; gain = 0.000

Phase 2.2 Fix Topology Constraints
Phase 2.2 Fix Topology Constraints | Checksum: edb91393

Time (s): cpu = 00:00:41 ; elapsed = 00:00:39 . Memory (MB): peak = 1572.781 ; gain = 4.738

Phase 2.3 Pre Route Cleanup
Phase 2.3 Pre Route Cleanup | Checksum: edb91393

Time (s): cpu = 00:00:41 ; elapsed = 00:00:39 . Memory (MB): peak = 1572.781 ; gain = 4.738
 Number of Nodes with overlaps = 0

Phase 2.4 Update Timing
Phase 2.4 Update Timing | Checksum: 1a0480268

Time (s): cpu = 00:00:42 ; elapsed = 00:00:40 . Memory (MB): peak = 1577.477 ; gain = 9.434
INFO: [Route 35-416] Intermediate Timing Summary | WNS=-2.369 | TNS=-34.641| WHS=-1.495 | THS=-186.166|

Phase 2 Router Initialization | Checksum: 1afc904f4

Time (s): cpu = 00:00:43 ; elapsed = 00:00:40 . Memory (MB): peak = 1577.723 ; gain = 9.680

Router Utilization Summary
  Global Vertical Routing Utilization    = 0 %
  Global Horizontal Routing Utilization  = 0 %
  Routable Net Status*
  *Does not include unroutable nets such as driverless and loadless.
  Run report_route_status for detailed report.
  Number of Failed Nets               = 614
    (Failed Nets is the sum of unrouted and partially routed nets)
  Number of Unrouted Nets             = 614
  Number of Partially Routed Nets     = 0
  Number of Node Overlaps             = 0


Phase 3 Initial Routing
Phase 3 Initial Routing | Checksum: 15391137d

Time (s): cpu = 00:00:43 ; elapsed = 00:00:40 . Memory (MB): peak = 1579.117 ; gain = 11.074

Phase 4 Rip-up And Reroute

Phase 4.1 Global Iteration 0
 Number of Nodes with overlaps = 9
 Number of Nodes with overlaps = 1
 Number of Nodes with overlaps = 0
INFO: [Route 35-416] Intermediate Timing Summary | WNS=-2.487 | TNS=-36.529| WHS=N/A    | THS=N/A    |

Phase 4.1 Global Iteration 0 | Checksum: 11456d25a

Time (s): cpu = 00:00:44 ; elapsed = 00:00:41 . Memory (MB): peak = 1579.117 ; gain = 11.074

Phase 4.2 Global Iteration 1
 Number of Nodes with overlaps = 0
INFO: [Route 35-416] Intermediate Timing Summary | WNS=-2.489 | TNS=-36.561| WHS=N/A    | THS=N/A    |

Phase 4.2 Global Iteration 1 | Checksum: 1c0aee5ab

Time (s): cpu = 00:00:44 ; elapsed = 00:00:41 . Memory (MB): peak = 1579.117 ; gain = 11.074
Phase 4 Rip-up And Reroute | Checksum: 1c0aee5ab

Time (s): cpu = 00:00:44 ; elapsed = 00:00:41 . Memory (MB): peak = 1579.117 ; gain = 11.074

Phase 5 Delay and Skew Optimization

Phase 5.1 Delay CleanUp

Phase 5.1.1 Update Timing
Phase 5.1.1 Update Timing | Checksum: 17a056877

Time (s): cpu = 00:00:44 ; elapsed = 00:00:41 . Memory (MB): peak = 1579.117 ; gain = 11.074
INFO: [Route 35-416] Intermediate Timing Summary | WNS=-2.408 | TNS=-35.265| WHS=N/A    | THS=N/A    |

 Number of Nodes with overlaps = 0
Phase 5.1 Delay CleanUp | Checksum: 8e327c23

Time (s): cpu = 00:00:44 ; elapsed = 00:00:41 . Memory (MB): peak = 1579.117 ; gain = 11.074

Phase 5.2 Clock Skew Optimization
Phase 5.2 Clock Skew Optimization | Checksum: 8e327c23

Time (s): cpu = 00:00:44 ; elapsed = 00:00:41 . Memory (MB): peak = 1579.117 ; gain = 11.074
Phase 5 Delay and Skew Optimization | Checksum: 8e327c23

Time (s): cpu = 00:00:44 ; elapsed = 00:00:41 . Memory (MB): peak = 1579.117 ; gain = 11.074

Phase 6 Post Hold Fix

Phase 6.1 Hold Fix Iter

Phase 6.1.1 Update Timing
Phase 6.1.1 Update Timing | Checksum: 132c3674e

Time (s): cpu = 00:00:44 ; elapsed = 00:00:41 . Memory (MB): peak = 1579.117 ; gain = 11.074
INFO: [Route 35-416] Intermediate Timing Summary | WNS=-2.399 | TNS=-35.121| WHS=0.139  | THS=0.000  |

Phase 6.1 Hold Fix Iter | Checksum: 132c3674e

Time (s): cpu = 00:00:44 ; elapsed = 00:00:41 . Memory (MB): peak = 1579.117 ; gain = 11.074
Phase 6 Post Hold Fix | Checksum: 132c3674e

Time (s): cpu = 00:00:44 ; elapsed = 00:00:41 . Memory (MB): peak = 1579.117 ; gain = 11.074

Phase 7 Route finalize

Router Utilization Summary
  Global Vertical Routing Utilization    = 0.169975 %
  Global Horizontal Routing Utilization  = 0.128579 %
  Routable Net Status*
  *Does not include unroutable nets such as driverless and loadless.
  Run report_route_status for detailed report.
  Number of Failed Nets               = 0
    (Failed Nets is the sum of unrouted and partially routed nets)
  Number of Unrouted Nets             = 0
  Number of Partially Routed Nets     = 0
  Number of Node Overlaps             = 0

Congestion Report
North Dir 1x1 Area, Max Cong = 36.9369%, No Congested Regions.
South Dir 1x1 Area, Max Cong = 29.7297%, No Congested Regions.
East Dir 1x1 Area, Max Cong = 23.5294%, No Congested Regions.
West Dir 1x1 Area, Max Cong = 26.4706%, No Congested Regions.

------------------------------
Reporting congestion hotspots
------------------------------
Direction: North
----------------
Congested clusters found at Level 0
Effective congestion level: 0 Aspect Ratio: 1 Sparse Ratio: 0
Direction: South
----------------
Congested clusters found at Level 0
Effective congestion level: 0 Aspect Ratio: 1 Sparse Ratio: 0
Direction: East
----------------
Congested clusters found at Level 0
Effective congestion level: 0 Aspect Ratio: 1 Sparse Ratio: 0
Direction: West
----------------
Congested clusters found at Level 0
Effective congestion level: 0 Aspect Ratio: 1 Sparse Ratio: 0

Phase 7 Route finalize | Checksum: 1613cc135

Time (s): cpu = 00:00:44 ; elapsed = 00:00:41 . Memory (MB): peak = 1579.117 ; gain = 11.074

Phase 8 Verifying routed nets

 Verification completed successfully
Phase 8 Verifying routed nets | Checksum: 1613cc135

Time (s): cpu = 00:00:44 ; elapsed = 00:00:41 . Memory (MB): peak = 1581.125 ; gain = 13.082

Phase 9 Depositing Routes
Phase 9 Depositing Routes | Checksum: 1c7b3393a

Time (s): cpu = 00:00:44 ; elapsed = 00:00:41 . Memory (MB): peak = 1581.125 ; gain = 13.082

Phase 10 Post Router Timing
INFO: [Route 35-57] Estimated Timing Summary | WNS=-2.399 | TNS=-35.121| WHS=0.139  | THS=0.000  |

WARNING: [Route 35-328] Router estimated timing not met.
Resolution: For a complete and accurate timing signoff, report_timing_summary must be run after route_design. Alternatively, route_design can be run with the -timing_summary option to enable a complete timing signoff at the end of route_design.
Phase 10 Post Router Timing | Checksum: 1c7b3393a

Time (s): cpu = 00:00:44 ; elapsed = 00:00:41 . Memory (MB): peak = 1581.125 ; gain = 13.082
INFO: [Route 35-16] Router Completed Successfully

Time (s): cpu = 00:00:44 ; elapsed = 00:00:41 . Memory (MB): peak = 1581.125 ; gain = 13.082

Routing Is Done.
INFO: [Common 17-83] Releasing license: Implementation
162 Infos, 35 Warnings, 0 Critical Warnings and 0 Errors encountered.
route_design completed successfully
route_design: Time (s): cpu = 00:00:47 ; elapsed = 00:00:43 . Memory (MB): peak = 1581.125 ; gain = 13.082
Netlist sorting complete. Time (s): cpu = 00:00:00 ; elapsed = 00:00:00 . Memory (MB): peak = 1581.125 ; gain = 0.000
INFO: [Timing 38-480] Writing timing data to binary archive.
Writing placer database...
Writing XDEF routing.
Writing XDEF routing logical nets.
Writing XDEF routing special nets.
Write XDEF Complete: Time (s): cpu = 00:00:01 ; elapsed = 00:00:00.257 . Memory (MB): peak = 1591.004 ; gain = 9.879
INFO: [Common 17-1381] The checkpoint 'C:/Users/ricar/Desktop/EConfig/Trabalhos/proj/FLP_proj/FLP_proj.runs/impl_215/fir8_test_routed.dcp' has been generated.
INFO: [runtcl-4] Executing : report_drc -file fir8_test_drc_routed.rpt -pb fir8_test_drc_routed.pb -rpx fir8_test_drc_routed.rpx
Command: report_drc -file fir8_test_drc_routed.rpt -pb fir8_test_drc_routed.pb -rpx fir8_test_drc_routed.rpx
INFO: [IP_Flow 19-1839] IP Catalog is up to date.
INFO: [DRC 23-27] Running DRC with 2 threads
INFO: [Coretcl 2-168] The results of DRC are in file C:/Users/ricar/Desktop/EConfig/Trabalhos/proj/FLP_proj/FLP_proj.runs/impl_215/fir8_test_drc_routed.rpt.
report_drc completed successfully
INFO: [runtcl-4] Executing : report_methodology -file fir8_test_methodology_drc_routed.rpt -pb fir8_test_methodology_drc_routed.pb -rpx fir8_test_methodology_drc_routed.rpx
Command: report_methodology -file fir8_test_methodology_drc_routed.rpt -pb fir8_test_methodology_drc_routed.pb -rpx fir8_test_methodology_drc_routed.rpx
INFO: [Constraints 18-483] create_clock: no pin(s)/port(s)/net(s) specified as objects, only virtual clock 'virtual_clock' will be created. If you don't want this, please specify pin(s)/ports(s)/net(s) as objects to the command. [C:/Users/ricar/Desktop/EConfig/Trabalhos/proj/P1_Sources/fir8_test_timing.xdc:13]
INFO: [Timing 38-35] Done setting XDC timing constraints.
INFO: [DRC 23-133] Running Methodology with 2 threads
INFO: [Coretcl 2-1520] The results of Report Methodology are in file C:/Users/ricar/Desktop/EConfig/Trabalhos/proj/FLP_proj/FLP_proj.runs/impl_215/fir8_test_methodology_drc_routed.rpt.
report_methodology completed successfully
INFO: [runtcl-4] Executing : report_power -file fir8_test_power_routed.rpt -pb fir8_test_power_summary_routed.pb -rpx fir8_test_power_routed.rpx
Command: report_power -file fir8_test_power_routed.rpt -pb fir8_test_power_summary_routed.pb -rpx fir8_test_power_routed.rpx
INFO: [Constraints 18-483] create_clock: no pin(s)/port(s)/net(s) specified as objects, only virtual clock 'virtual_clock' will be created. If you don't want this, please specify pin(s)/ports(s)/net(s) as objects to the command. [C:/Users/ricar/Desktop/EConfig/Trabalhos/proj/P1_Sources/fir8_test_timing.xdc:13]
INFO: [Timing 38-35] Done setting XDC timing constraints.
Running Vector-less Activity Propagation...

Finished Running Vector-less Activity Propagation
176 Infos, 35 Warnings, 0 Critical Warnings and 0 Errors encountered.
report_power completed successfully
INFO: [runtcl-4] Executing : report_route_status -file fir8_test_route_status.rpt -pb fir8_test_route_status.pb
INFO: [runtcl-4] Executing : report_timing_summary -max_paths 10 -file fir8_test_timing_summary_routed.rpt -pb fir8_test_timing_summary_routed.pb -rpx fir8_test_timing_summary_routed.rpx -warn_on_violation 
INFO: [Timing 38-91] UpdateTimingParams: Speed grade: -1, Delay Type: min_max.
INFO: [Timing 38-191] Multithreading enabled for timing update using a maximum of 2 CPUs
CRITICAL WARNING: [Timing 38-282] The design failed to meet the timing requirements. Please see the timing summary report for details on the timing violations.
INFO: [runtcl-4] Executing : report_incremental_reuse -file fir8_test_incremental_reuse_routed.rpt
INFO: [Vivado_Tcl 4-1062] Incremental flow is disabled. No incremental reuse Info to report.
INFO: [runtcl-4] Executing : report_clock_utilization -file fir8_test_clock_utilization_routed.rpt
INFO: [runtcl-4] Executing : report_bus_skew -warn_on_violation -file fir8_test_bus_skew_routed.rpt -pb fir8_test_bus_skew_routed.pb -rpx fir8_test_bus_skew_routed.rpx
INFO: [Timing 38-91] UpdateTimingParams: Speed grade: -1, Delay Type: min_max.
INFO: [Timing 38-191] Multithreading enabled for timing update using a maximum of 2 CPUs
INFO: [Common 17-206] Exiting Vivado at Wed Apr  8 13:50:48 2020...
