
*** Running vivado
    with args -log sine_high.vds -m64 -product Vivado -mode batch -messageDb vivado.pb -notrace -source sine_high.tcl


****** Vivado v2019.2 (64-bit)
  **** SW Build 2708876 on Wed Nov  6 21:40:23 MST 2019
  **** IP Build 2700528 on Thu Nov  7 00:09:20 MST 2019
    ** Copyright 1986-2019 Xilinx, Inc. All Rights Reserved.

source sine_high.tcl -notrace
Command: synth_design -top sine_high -part xc7a35tcpg236-1 -mode out_of_context
Starting synth_design
Attempting to get a license for feature 'Synthesis' and/or device 'xc7a35t'
INFO: [Common 17-349] Got license for feature 'Synthesis' and/or device 'xc7a35t'
INFO: [Device 21-403] Loading part xc7a35tcpg236-1
INFO: Launching helper process for spawning children vivado processes
INFO: Helper process launched with PID 1300 
---------------------------------------------------------------------------------
Starting RTL Elaboration : Time (s): cpu = 00:00:05 ; elapsed = 00:00:06 . Memory (MB): peak = 808.973 ; gain = 233.977
---------------------------------------------------------------------------------
INFO: [Synth 8-638] synthesizing module 'sine_high' [c:/Users/ricar/Desktop/EletronicaConfiguravel/ConfigurableEletronic/ClassPL3 - Lab3-20200305/Lab3_sources/project_1/project_1.srcs/sources_1/ip/sine_high/synth/sine_high.vhd:70]
WARNING: [Synth 8-5640] Port 'debug_axi_pinc_in' is missing in component declaration [c:/Users/ricar/Desktop/EletronicaConfiguravel/ConfigurableEletronic/ClassPL3 - Lab3-20200305/Lab3_sources/project_1/project_1.srcs/sources_1/ip/sine_high/synth/sine_high.vhd:73]
WARNING: [Synth 8-5640] Port 'debug_axi_poff_in' is missing in component declaration [c:/Users/ricar/Desktop/EletronicaConfiguravel/ConfigurableEletronic/ClassPL3 - Lab3-20200305/Lab3_sources/project_1/project_1.srcs/sources_1/ip/sine_high/synth/sine_high.vhd:73]
WARNING: [Synth 8-5640] Port 'debug_axi_resync_in' is missing in component declaration [c:/Users/ricar/Desktop/EletronicaConfiguravel/ConfigurableEletronic/ClassPL3 - Lab3-20200305/Lab3_sources/project_1/project_1.srcs/sources_1/ip/sine_high/synth/sine_high.vhd:73]
WARNING: [Synth 8-5640] Port 'debug_axi_chan_in' is missing in component declaration [c:/Users/ricar/Desktop/EletronicaConfiguravel/ConfigurableEletronic/ClassPL3 - Lab3-20200305/Lab3_sources/project_1/project_1.srcs/sources_1/ip/sine_high/synth/sine_high.vhd:73]
WARNING: [Synth 8-5640] Port 'debug_core_nd' is missing in component declaration [c:/Users/ricar/Desktop/EletronicaConfiguravel/ConfigurableEletronic/ClassPL3 - Lab3-20200305/Lab3_sources/project_1/project_1.srcs/sources_1/ip/sine_high/synth/sine_high.vhd:73]
WARNING: [Synth 8-5640] Port 'debug_phase' is missing in component declaration [c:/Users/ricar/Desktop/EletronicaConfiguravel/ConfigurableEletronic/ClassPL3 - Lab3-20200305/Lab3_sources/project_1/project_1.srcs/sources_1/ip/sine_high/synth/sine_high.vhd:73]
WARNING: [Synth 8-5640] Port 'debug_phase_nd' is missing in component declaration [c:/Users/ricar/Desktop/EletronicaConfiguravel/ConfigurableEletronic/ClassPL3 - Lab3-20200305/Lab3_sources/project_1/project_1.srcs/sources_1/ip/sine_high/synth/sine_high.vhd:73]
	Parameter C_XDEVICEFAMILY bound to: artix7 - type: string 
	Parameter C_MODE_OF_OPERATION bound to: 0 - type: integer 
	Parameter C_MODULUS bound to: 9 - type: integer 
	Parameter C_ACCUMULATOR_WIDTH bound to: 16 - type: integer 
	Parameter C_CHANNELS bound to: 1 - type: integer 
	Parameter C_HAS_PHASE_OUT bound to: 0 - type: integer 
	Parameter C_HAS_PHASEGEN bound to: 0 - type: integer 
	Parameter C_HAS_SINCOS bound to: 1 - type: integer 
	Parameter C_LATENCY bound to: 6 - type: integer 
	Parameter C_MEM_TYPE bound to: 1 - type: integer 
	Parameter C_NEGATIVE_COSINE bound to: 0 - type: integer 
	Parameter C_NEGATIVE_SINE bound to: 0 - type: integer 
	Parameter C_NOISE_SHAPING bound to: 0 - type: integer 
	Parameter C_OUTPUTS_REQUIRED bound to: 0 - type: integer 
	Parameter C_OUTPUT_FORM bound to: 0 - type: integer 
	Parameter C_OUTPUT_WIDTH bound to: 20 - type: integer 
	Parameter C_PHASE_ANGLE_WIDTH bound to: 16 - type: integer 
	Parameter C_PHASE_INCREMENT bound to: 2 - type: integer 
	Parameter C_PHASE_INCREMENT_VALUE bound to: 0,0,0,0,0,0,0,0,0,0,0,0,0,0,0,0 - type: string 
	Parameter C_RESYNC bound to: 0 - type: integer 
	Parameter C_PHASE_OFFSET bound to: 0 - type: integer 
	Parameter C_PHASE_OFFSET_VALUE bound to: 0,0,0,0,0,0,0,0,0,0,0,0,0,0,0,0 - type: string 
	Parameter C_OPTIMISE_GOAL bound to: 0 - type: integer 
	Parameter C_USE_DSP48 bound to: 0 - type: integer 
	Parameter C_POR_MODE bound to: 0 - type: integer 
	Parameter C_AMPLITUDE bound to: 0 - type: integer 
	Parameter C_HAS_ACLKEN bound to: 0 - type: integer 
	Parameter C_HAS_ARESETN bound to: 1 - type: integer 
	Parameter C_HAS_TLAST bound to: 0 - type: integer 
	Parameter C_HAS_TREADY bound to: 0 - type: integer 
	Parameter C_HAS_S_PHASE bound to: 1 - type: integer 
	Parameter C_S_PHASE_TDATA_WIDTH bound to: 16 - type: integer 
	Parameter C_S_PHASE_HAS_TUSER bound to: 0 - type: integer 
	Parameter C_S_PHASE_TUSER_WIDTH bound to: 1 - type: integer 
	Parameter C_HAS_S_CONFIG bound to: 0 - type: integer 
	Parameter C_S_CONFIG_SYNC_MODE bound to: 0 - type: integer 
	Parameter C_S_CONFIG_TDATA_WIDTH bound to: 1 - type: integer 
	Parameter C_HAS_M_DATA bound to: 1 - type: integer 
	Parameter C_M_DATA_TDATA_WIDTH bound to: 24 - type: integer 
	Parameter C_M_DATA_HAS_TUSER bound to: 0 - type: integer 
	Parameter C_M_DATA_TUSER_WIDTH bound to: 1 - type: integer 
	Parameter C_HAS_M_PHASE bound to: 0 - type: integer 
	Parameter C_M_PHASE_TDATA_WIDTH bound to: 1 - type: integer 
	Parameter C_M_PHASE_HAS_TUSER bound to: 0 - type: integer 
	Parameter C_M_PHASE_TUSER_WIDTH bound to: 1 - type: integer 
	Parameter C_DEBUG_INTERFACE bound to: 0 - type: integer 
	Parameter C_CHAN_WIDTH bound to: 1 - type: integer 
INFO: [Synth 8-3491] module 'dds_compiler_v6_0_19' declared at 'c:/Users/ricar/Desktop/EletronicaConfiguravel/ConfigurableEletronic/ClassPL3 - Lab3-20200305/Lab3_sources/project_1/project_1.srcs/sources_1/ip/sine_high/hdl/dds_compiler_v6_0_vh_rfs.vhd:47308' bound to instance 'U0' of component 'dds_compiler_v6_0_19' [c:/Users/ricar/Desktop/EletronicaConfiguravel/ConfigurableEletronic/ClassPL3 - Lab3-20200305/Lab3_sources/project_1/project_1.srcs/sources_1/ip/sine_high/synth/sine_high.vhd:177]
INFO: [Synth 8-256] done synthesizing module 'sine_high' (7#1) [c:/Users/ricar/Desktop/EletronicaConfiguravel/ConfigurableEletronic/ClassPL3 - Lab3-20200305/Lab3_sources/project_1/project_1.srcs/sources_1/ip/sine_high/synth/sine_high.vhd:70]
WARNING: [Synth 8-3331] design xbip_pipe_v3_0_6_viv__parameterized14 has unconnected port CLK
WARNING: [Synth 8-3331] design xbip_pipe_v3_0_6_viv__parameterized14 has unconnected port CE
WARNING: [Synth 8-3331] design xbip_pipe_v3_0_6_viv__parameterized14 has unconnected port SCLR
WARNING: [Synth 8-3331] design xbip_pipe_v3_0_6_viv__parameterized14 has unconnected port SSET
WARNING: [Synth 8-3331] design xbip_pipe_v3_0_6_viv__parameterized14 has unconnected port SINIT
WARNING: [Synth 8-3331] design xbip_pipe_v3_0_6_viv__parameterized12 has unconnected port CLK
WARNING: [Synth 8-3331] design xbip_pipe_v3_0_6_viv__parameterized12 has unconnected port CE
WARNING: [Synth 8-3331] design xbip_pipe_v3_0_6_viv__parameterized12 has unconnected port SCLR
WARNING: [Synth 8-3331] design xbip_pipe_v3_0_6_viv__parameterized12 has unconnected port SSET
WARNING: [Synth 8-3331] design xbip_pipe_v3_0_6_viv__parameterized12 has unconnected port SINIT
WARNING: [Synth 8-3331] design xbip_pipe_v3_0_6_viv__parameterized8 has unconnected port SCLR
WARNING: [Synth 8-3331] design xbip_pipe_v3_0_6_viv__parameterized8 has unconnected port SSET
WARNING: [Synth 8-3331] design xbip_pipe_v3_0_6_viv__parameterized8 has unconnected port SINIT
WARNING: [Synth 8-3331] design xbip_pipe_v3_0_6_viv__parameterized10 has unconnected port SCLR
WARNING: [Synth 8-3331] design xbip_pipe_v3_0_6_viv__parameterized10 has unconnected port SSET
WARNING: [Synth 8-3331] design xbip_pipe_v3_0_6_viv__parameterized10 has unconnected port SINIT
WARNING: [Synth 8-3331] design xbip_pipe_v3_0_6_viv__parameterized6 has unconnected port SCLR
WARNING: [Synth 8-3331] design xbip_pipe_v3_0_6_viv__parameterized6 has unconnected port SSET
WARNING: [Synth 8-3331] design xbip_pipe_v3_0_6_viv__parameterized6 has unconnected port SINIT
WARNING: [Synth 8-3331] design xbip_pipe_v3_0_6_viv__parameterized4 has unconnected port SCLR
WARNING: [Synth 8-3331] design xbip_pipe_v3_0_6_viv__parameterized4 has unconnected port SSET
WARNING: [Synth 8-3331] design xbip_pipe_v3_0_6_viv__parameterized4 has unconnected port SINIT
WARNING: [Synth 8-3331] design sin_cos has unconnected port SCLR
WARNING: [Synth 8-3331] design xbip_pipe_v3_0_6_viv__parameterized2 has unconnected port SSET
WARNING: [Synth 8-3331] design xbip_pipe_v3_0_6_viv__parameterized2 has unconnected port SINIT
WARNING: [Synth 8-3331] design dds_compiler_v6_0_19_core has unconnected port RFD
WARNING: [Synth 8-3331] design dds_compiler_v6_0_19_core has unconnected port COSINE[19]
WARNING: [Synth 8-3331] design dds_compiler_v6_0_19_core has unconnected port COSINE[18]
WARNING: [Synth 8-3331] design dds_compiler_v6_0_19_core has unconnected port COSINE[17]
WARNING: [Synth 8-3331] design dds_compiler_v6_0_19_core has unconnected port COSINE[16]
WARNING: [Synth 8-3331] design dds_compiler_v6_0_19_core has unconnected port COSINE[15]
WARNING: [Synth 8-3331] design dds_compiler_v6_0_19_core has unconnected port COSINE[14]
WARNING: [Synth 8-3331] design dds_compiler_v6_0_19_core has unconnected port COSINE[13]
WARNING: [Synth 8-3331] design dds_compiler_v6_0_19_core has unconnected port COSINE[12]
WARNING: [Synth 8-3331] design dds_compiler_v6_0_19_core has unconnected port COSINE[11]
WARNING: [Synth 8-3331] design dds_compiler_v6_0_19_core has unconnected port COSINE[10]
WARNING: [Synth 8-3331] design dds_compiler_v6_0_19_core has unconnected port COSINE[9]
WARNING: [Synth 8-3331] design dds_compiler_v6_0_19_core has unconnected port COSINE[8]
WARNING: [Synth 8-3331] design dds_compiler_v6_0_19_core has unconnected port COSINE[7]
WARNING: [Synth 8-3331] design dds_compiler_v6_0_19_core has unconnected port COSINE[6]
WARNING: [Synth 8-3331] design dds_compiler_v6_0_19_core has unconnected port COSINE[5]
WARNING: [Synth 8-3331] design dds_compiler_v6_0_19_core has unconnected port COSINE[4]
WARNING: [Synth 8-3331] design dds_compiler_v6_0_19_core has unconnected port COSINE[3]
WARNING: [Synth 8-3331] design dds_compiler_v6_0_19_core has unconnected port COSINE[2]
WARNING: [Synth 8-3331] design dds_compiler_v6_0_19_core has unconnected port COSINE[1]
WARNING: [Synth 8-3331] design dds_compiler_v6_0_19_core has unconnected port COSINE[0]
WARNING: [Synth 8-3331] design dds_compiler_v6_0_19_core has unconnected port ADDR[0]
WARNING: [Synth 8-3331] design dds_compiler_v6_0_19_core has unconnected port REG_SELECT
WARNING: [Synth 8-3331] design dds_compiler_v6_0_19_core has unconnected port WE
WARNING: [Synth 8-3331] design dds_compiler_v6_0_19_core has unconnected port DATA[15]
WARNING: [Synth 8-3331] design dds_compiler_v6_0_19_core has unconnected port DATA[14]
WARNING: [Synth 8-3331] design dds_compiler_v6_0_19_core has unconnected port DATA[13]
WARNING: [Synth 8-3331] design dds_compiler_v6_0_19_core has unconnected port DATA[12]
WARNING: [Synth 8-3331] design dds_compiler_v6_0_19_core has unconnected port DATA[11]
WARNING: [Synth 8-3331] design dds_compiler_v6_0_19_core has unconnected port DATA[10]
WARNING: [Synth 8-3331] design dds_compiler_v6_0_19_core has unconnected port DATA[9]
WARNING: [Synth 8-3331] design dds_compiler_v6_0_19_core has unconnected port DATA[8]
WARNING: [Synth 8-3331] design dds_compiler_v6_0_19_core has unconnected port DATA[7]
WARNING: [Synth 8-3331] design dds_compiler_v6_0_19_core has unconnected port DATA[6]
WARNING: [Synth 8-3331] design dds_compiler_v6_0_19_core has unconnected port DATA[5]
WARNING: [Synth 8-3331] design dds_compiler_v6_0_19_core has unconnected port DATA[4]
WARNING: [Synth 8-3331] design dds_compiler_v6_0_19_core has unconnected port DATA[3]
WARNING: [Synth 8-3331] design dds_compiler_v6_0_19_core has unconnected port DATA[2]
WARNING: [Synth 8-3331] design dds_compiler_v6_0_19_core has unconnected port DATA[1]
WARNING: [Synth 8-3331] design dds_compiler_v6_0_19_core has unconnected port DATA[0]
WARNING: [Synth 8-3331] design dds_compiler_v6_0_19_core has unconnected port PINC_IN[15]
WARNING: [Synth 8-3331] design dds_compiler_v6_0_19_core has unconnected port PINC_IN[14]
WARNING: [Synth 8-3331] design dds_compiler_v6_0_19_core has unconnected port PINC_IN[13]
WARNING: [Synth 8-3331] design dds_compiler_v6_0_19_core has unconnected port PINC_IN[12]
WARNING: [Synth 8-3331] design dds_compiler_v6_0_19_core has unconnected port PINC_IN[11]
WARNING: [Synth 8-3331] design dds_compiler_v6_0_19_core has unconnected port PINC_IN[10]
WARNING: [Synth 8-3331] design dds_compiler_v6_0_19_core has unconnected port PINC_IN[9]
WARNING: [Synth 8-3331] design dds_compiler_v6_0_19_core has unconnected port PINC_IN[8]
WARNING: [Synth 8-3331] design dds_compiler_v6_0_19_core has unconnected port PINC_IN[7]
WARNING: [Synth 8-3331] design dds_compiler_v6_0_19_core has unconnected port PINC_IN[6]
WARNING: [Synth 8-3331] design dds_compiler_v6_0_19_core has unconnected port PINC_IN[5]
WARNING: [Synth 8-3331] design dds_compiler_v6_0_19_core has unconnected port PINC_IN[4]
WARNING: [Synth 8-3331] design dds_compiler_v6_0_19_core has unconnected port PINC_IN[3]
WARNING: [Synth 8-3331] design dds_compiler_v6_0_19_core has unconnected port PINC_IN[2]
WARNING: [Synth 8-3331] design dds_compiler_v6_0_19_core has unconnected port PINC_IN[1]
WARNING: [Synth 8-3331] design dds_compiler_v6_0_19_core has unconnected port PINC_IN[0]
WARNING: [Synth 8-3331] design dds_compiler_v6_0_19_core has unconnected port POFF_IN[15]
WARNING: [Synth 8-3331] design dds_compiler_v6_0_19_core has unconnected port POFF_IN[14]
WARNING: [Synth 8-3331] design dds_compiler_v6_0_19_core has unconnected port POFF_IN[13]
WARNING: [Synth 8-3331] design dds_compiler_v6_0_19_core has unconnected port POFF_IN[12]
WARNING: [Synth 8-3331] design dds_compiler_v6_0_19_core has unconnected port POFF_IN[11]
WARNING: [Synth 8-3331] design dds_compiler_v6_0_19_core has unconnected port POFF_IN[10]
WARNING: [Synth 8-3331] design dds_compiler_v6_0_19_core has unconnected port POFF_IN[9]
WARNING: [Synth 8-3331] design dds_compiler_v6_0_19_core has unconnected port POFF_IN[8]
WARNING: [Synth 8-3331] design dds_compiler_v6_0_19_core has unconnected port POFF_IN[7]
WARNING: [Synth 8-3331] design dds_compiler_v6_0_19_core has unconnected port POFF_IN[6]
WARNING: [Synth 8-3331] design dds_compiler_v6_0_19_core has unconnected port POFF_IN[5]
WARNING: [Synth 8-3331] design dds_compiler_v6_0_19_core has unconnected port POFF_IN[4]
WARNING: [Synth 8-3331] design dds_compiler_v6_0_19_core has unconnected port POFF_IN[3]
WARNING: [Synth 8-3331] design dds_compiler_v6_0_19_core has unconnected port POFF_IN[2]
WARNING: [Synth 8-3331] design dds_compiler_v6_0_19_core has unconnected port POFF_IN[1]
WARNING: [Synth 8-3331] design dds_compiler_v6_0_19_core has unconnected port POFF_IN[0]
WARNING: [Synth 8-3331] design dds_compiler_v6_0_19_core has unconnected port RESYNC_IN
WARNING: [Synth 8-3331] design xbip_pipe_v3_0_6_viv__parameterized0 has unconnected port CE
WARNING: [Synth 8-3331] design xbip_pipe_v3_0_6_viv__parameterized0 has unconnected port SSET
INFO: [Common 17-14] Message 'Synth 8-3331' appears 100 times and further instances of the messages will be disabled. Use the Tcl command set_msg_config to change the current settings.
---------------------------------------------------------------------------------
Finished RTL Elaboration : Time (s): cpu = 00:00:22 ; elapsed = 00:00:23 . Memory (MB): peak = 1088.488 ; gain = 513.492
---------------------------------------------------------------------------------

Report Check Netlist: 
+------+------------------+-------+---------+-------+------------------+
|      |Item              |Errors |Warnings |Status |Description       |
+------+------------------+-------+---------+-------+------------------+
|1     |multi_driven_nets |      0|        0|Passed |Multi driven nets |
+------+------------------+-------+---------+-------+------------------+
---------------------------------------------------------------------------------
Start Handling Custom Attributes
---------------------------------------------------------------------------------
---------------------------------------------------------------------------------
Finished Handling Custom Attributes : Time (s): cpu = 00:00:22 ; elapsed = 00:00:24 . Memory (MB): peak = 1088.488 ; gain = 513.492
---------------------------------------------------------------------------------
---------------------------------------------------------------------------------
Finished RTL Optimization Phase 1 : Time (s): cpu = 00:00:22 ; elapsed = 00:00:24 . Memory (MB): peak = 1088.488 ; gain = 513.492
---------------------------------------------------------------------------------
Netlist sorting complete. Time (s): cpu = 00:00:00 ; elapsed = 00:00:00.009 . Memory (MB): peak = 1088.488 ; gain = 0.000
INFO: [Project 1-570] Preparing netlist for logic optimization

Processing XDC Constraints
Initializing timing engine
Parsing XDC File [c:/Users/ricar/Desktop/EletronicaConfiguravel/ConfigurableEletronic/ClassPL3 - Lab3-20200305/Lab3_sources/project_1/project_1.srcs/sources_1/ip/sine_high/sine_high_ooc.xdc] for cell 'U0'
Finished Parsing XDC File [c:/Users/ricar/Desktop/EletronicaConfiguravel/ConfigurableEletronic/ClassPL3 - Lab3-20200305/Lab3_sources/project_1/project_1.srcs/sources_1/ip/sine_high/sine_high_ooc.xdc] for cell 'U0'
Parsing XDC File [C:/Users/ricar/Desktop/EletronicaConfiguravel/ConfigurableEletronic/ClassPL3 - Lab3-20200305/Lab3_sources/project_1/project_1.runs/sine_high_synth_1/dont_touch.xdc]
Finished Parsing XDC File [C:/Users/ricar/Desktop/EletronicaConfiguravel/ConfigurableEletronic/ClassPL3 - Lab3-20200305/Lab3_sources/project_1/project_1.runs/sine_high_synth_1/dont_touch.xdc]
Completed Processing XDC Constraints

Netlist sorting complete. Time (s): cpu = 00:00:00 ; elapsed = 00:00:00.001 . Memory (MB): peak = 1110.078 ; gain = 0.000
INFO: [Project 1-111] Unisim Transformation Summary:
No Unisim elements were transformed.

Constraint Validation Runtime : Time (s): cpu = 00:00:00 ; elapsed = 00:00:00.043 . Memory (MB): peak = 1116.125 ; gain = 6.047
---------------------------------------------------------------------------------
Finished Constraint Validation : Time (s): cpu = 00:00:28 ; elapsed = 00:00:30 . Memory (MB): peak = 1116.125 ; gain = 541.129
---------------------------------------------------------------------------------
---------------------------------------------------------------------------------
Start Loading Part and Timing Information
---------------------------------------------------------------------------------
Loading part: xc7a35tcpg236-1
---------------------------------------------------------------------------------
Finished Loading Part and Timing Information : Time (s): cpu = 00:00:28 ; elapsed = 00:00:30 . Memory (MB): peak = 1116.125 ; gain = 541.129
---------------------------------------------------------------------------------
---------------------------------------------------------------------------------
Start Applying 'set_property' XDC Constraints
---------------------------------------------------------------------------------
Applied set_property DONT_TOUCH = true for U0. (constraint file  {C:/Users/ricar/Desktop/EletronicaConfiguravel/ConfigurableEletronic/ClassPL3 - Lab3-20200305/Lab3_sources/project_1/project_1.runs/sine_high_synth_1/dont_touch.xdc}, line 9).
---------------------------------------------------------------------------------
Finished applying 'set_property' XDC Constraints : Time (s): cpu = 00:00:28 ; elapsed = 00:00:30 . Memory (MB): peak = 1116.125 ; gain = 541.129
---------------------------------------------------------------------------------
INFO: [Synth 8-7031] Trying to map ROM "sin_cos_lut" into Block RAM due to explicit "ram_style" or "rom_style" specification
WARNING: [Synth 8-6040] Register i_rtl.i_quarter_table.i_has_sin.i_addr_mod_stage1.mod_sin_addr_reg driving address of a ROM cannot be packed in BRAM/URAM because of presence of initial value.
---------------------------------------------------------------------------------
Finished RTL Optimization Phase 2 : Time (s): cpu = 00:00:29 ; elapsed = 00:00:31 . Memory (MB): peak = 1116.125 ; gain = 541.129
---------------------------------------------------------------------------------

Report RTL Partitions: 
+-+--------------+------------+----------+
| |RTL Partition |Replication |Instances |
+-+--------------+------------+----------+
+-+--------------+------------+----------+
---------------------------------------------------------------------------------
Start RTL Component Statistics 
---------------------------------------------------------------------------------
---------------------------------------------------------------------------------
Finished RTL Component Statistics 
---------------------------------------------------------------------------------
---------------------------------------------------------------------------------
Start RTL Hierarchical Component Statistics 
---------------------------------------------------------------------------------
---------------------------------------------------------------------------------
Finished RTL Hierarchical Component Statistics
---------------------------------------------------------------------------------
---------------------------------------------------------------------------------
Start Part Resource Summary
---------------------------------------------------------------------------------
Part Resources:
DSPs: 90 (col length:60)
BRAMs: 100 (col length: RAMB18 60 RAMB36 30)
---------------------------------------------------------------------------------
Finished Part Resource Summary
---------------------------------------------------------------------------------
---------------------------------------------------------------------------------
Start Cross Boundary and Area Optimization
---------------------------------------------------------------------------------
Warning: Parallel synthesis criteria is not met 
INFO: [Synth 8-3333] propagating constant 0 across sequential element (U0/i_synth/\has_s_phase.s_phase_tlast_checks.event_s_phase_tlast_unexpected_reg )
---------------------------------------------------------------------------------
Finished Cross Boundary and Area Optimization : Time (s): cpu = 00:00:31 ; elapsed = 00:00:33 . Memory (MB): peak = 1116.125 ; gain = 541.129
---------------------------------------------------------------------------------

Report RTL Partitions: 
+-+--------------+------------+----------+
| |RTL Partition |Replication |Instances |
+-+--------------+------------+----------+
+-+--------------+------------+----------+
---------------------------------------------------------------------------------
Start Applying XDC Timing Constraints
---------------------------------------------------------------------------------
---------------------------------------------------------------------------------
Finished Applying XDC Timing Constraints : Time (s): cpu = 00:00:37 ; elapsed = 00:00:39 . Memory (MB): peak = 1116.125 ; gain = 541.129
---------------------------------------------------------------------------------
---------------------------------------------------------------------------------
Start Timing Optimization
---------------------------------------------------------------------------------
---------------------------------------------------------------------------------
Finished Timing Optimization : Time (s): cpu = 00:00:38 ; elapsed = 00:00:40 . Memory (MB): peak = 1116.125 ; gain = 541.129
---------------------------------------------------------------------------------

Report RTL Partitions: 
+-+--------------+------------+----------+
| |RTL Partition |Replication |Instances |
+-+--------------+------------+----------+
+-+--------------+------------+----------+
---------------------------------------------------------------------------------
Start Technology Mapping
---------------------------------------------------------------------------------
---------------------------------------------------------------------------------
Finished Technology Mapping : Time (s): cpu = 00:00:38 ; elapsed = 00:00:40 . Memory (MB): peak = 1116.125 ; gain = 541.129
---------------------------------------------------------------------------------

Report RTL Partitions: 
+-+--------------+------------+----------+
| |RTL Partition |Replication |Instances |
+-+--------------+------------+----------+
+-+--------------+------------+----------+
---------------------------------------------------------------------------------
Start IO Insertion
---------------------------------------------------------------------------------
---------------------------------------------------------------------------------
Start Flattening Before IO Insertion
---------------------------------------------------------------------------------
---------------------------------------------------------------------------------
Finished Flattening Before IO Insertion
---------------------------------------------------------------------------------
---------------------------------------------------------------------------------
Start Final Netlist Cleanup
---------------------------------------------------------------------------------
---------------------------------------------------------------------------------
Finished Final Netlist Cleanup
---------------------------------------------------------------------------------
---------------------------------------------------------------------------------
Finished IO Insertion : Time (s): cpu = 00:00:41 ; elapsed = 00:00:43 . Memory (MB): peak = 1116.125 ; gain = 541.129
---------------------------------------------------------------------------------
---------------------------------------------------------------------------------
Start Renaming Generated Instances
---------------------------------------------------------------------------------
---------------------------------------------------------------------------------
Finished Renaming Generated Instances : Time (s): cpu = 00:00:41 ; elapsed = 00:00:43 . Memory (MB): peak = 1116.125 ; gain = 541.129
---------------------------------------------------------------------------------

Report RTL Partitions: 
+-+--------------+------------+----------+
| |RTL Partition |Replication |Instances |
+-+--------------+------------+----------+
+-+--------------+------------+----------+

Report Check Netlist: 
+------+------------------+-------+---------+-------+------------------+
|      |Item              |Errors |Warnings |Status |Description       |
+------+------------------+-------+---------+-------+------------------+
|1     |multi_driven_nets |      0|        0|Passed |Multi driven nets |
+------+------------------+-------+---------+-------+------------------+
---------------------------------------------------------------------------------
Start Rebuilding User Hierarchy
---------------------------------------------------------------------------------
---------------------------------------------------------------------------------
Finished Rebuilding User Hierarchy : Time (s): cpu = 00:00:41 ; elapsed = 00:00:43 . Memory (MB): peak = 1116.125 ; gain = 541.129
---------------------------------------------------------------------------------
---------------------------------------------------------------------------------
Start Renaming Generated Ports
---------------------------------------------------------------------------------
---------------------------------------------------------------------------------
Finished Renaming Generated Ports : Time (s): cpu = 00:00:41 ; elapsed = 00:00:43 . Memory (MB): peak = 1116.125 ; gain = 541.129
---------------------------------------------------------------------------------
---------------------------------------------------------------------------------
Start Handling Custom Attributes
---------------------------------------------------------------------------------
---------------------------------------------------------------------------------
Finished Handling Custom Attributes : Time (s): cpu = 00:00:41 ; elapsed = 00:00:43 . Memory (MB): peak = 1116.125 ; gain = 541.129
---------------------------------------------------------------------------------
---------------------------------------------------------------------------------
Start Renaming Generated Nets
---------------------------------------------------------------------------------
---------------------------------------------------------------------------------
Finished Renaming Generated Nets : Time (s): cpu = 00:00:41 ; elapsed = 00:00:43 . Memory (MB): peak = 1116.125 ; gain = 541.129
---------------------------------------------------------------------------------
---------------------------------------------------------------------------------
Start Writing Synthesis Report
---------------------------------------------------------------------------------

Report BlackBoxes: 
+-+--------------+----------+
| |BlackBox name |Instances |
+-+--------------+----------+
+-+--------------+----------+

Report Cell Usage: 
+------+------------+------+
|      |Cell        |Count |
+------+------------+------+
|1     |CARRY4      |     4|
|2     |LUT1        |     2|
|3     |LUT2        |     8|
|4     |LUT3        |    15|
|5     |LUT4        |    22|
|6     |LUT5        |    26|
|7     |LUT6        |    32|
|8     |RAMB18E1_2  |     1|
|9     |RAMB36E1_18 |     1|
|10    |RAMB36E1_19 |     1|
|11    |RAMB36E1_20 |     1|
|12    |RAMB36E1_21 |     1|
|13    |RAMB36E1_22 |     1|
|14    |RAMB36E1_23 |     1|
|15    |RAMB36E1_24 |     1|
|16    |RAMB36E1_25 |     1|
|17    |RAMB36E1_26 |     1|
|18    |SRL16E      |     4|
|19    |FDRE        |   171|
+------+------------+------+
---------------------------------------------------------------------------------
Finished Writing Synthesis Report : Time (s): cpu = 00:00:41 ; elapsed = 00:00:43 . Memory (MB): peak = 1116.125 ; gain = 541.129
---------------------------------------------------------------------------------
Synthesis finished with 0 errors, 0 critical warnings and 14 warnings.
Synthesis Optimization Runtime : Time (s): cpu = 00:00:18 ; elapsed = 00:00:41 . Memory (MB): peak = 1116.125 ; gain = 513.492
Synthesis Optimization Complete : Time (s): cpu = 00:00:42 ; elapsed = 00:00:44 . Memory (MB): peak = 1116.125 ; gain = 541.129
INFO: [Project 1-571] Translating synthesized netlist
Netlist sorting complete. Time (s): cpu = 00:00:00 ; elapsed = 00:00:00.006 . Memory (MB): peak = 1116.125 ; gain = 0.000
INFO: [Netlist 29-17] Analyzing 14 Unisim elements for replacement
INFO: [Netlist 29-28] Unisim Transformation completed in 0 CPU seconds
INFO: [Project 1-570] Preparing netlist for logic optimization
INFO: [Opt 31-138] Pushed 0 inverter(s) to 0 load pin(s).
Netlist sorting complete. Time (s): cpu = 00:00:00 ; elapsed = 00:00:00 . Memory (MB): peak = 1116.125 ; gain = 0.000
INFO: [Project 1-111] Unisim Transformation Summary:
No Unisim elements were transformed.

INFO: [Common 17-83] Releasing license: Synthesis
17 Infos, 108 Warnings, 0 Critical Warnings and 0 Errors encountered.
synth_design completed successfully
synth_design: Time (s): cpu = 00:00:46 ; elapsed = 00:00:49 . Memory (MB): peak = 1116.125 ; gain = 814.668
Netlist sorting complete. Time (s): cpu = 00:00:00 ; elapsed = 00:00:00 . Memory (MB): peak = 1116.125 ; gain = 0.000
WARNING: [Constraints 18-5210] No constraints selected for write.
Resolution: This message can indicate that there are no constraints for the design, or it can indicate that the used_in flags are set such that the constraints are ignored. This later case is used when running synth_design to not write synthesis constraints to the resulting checkpoint. Instead, project constraints are read when the synthesized design is opened.
INFO: [Common 17-1381] The checkpoint 'C:/Users/ricar/Desktop/EletronicaConfiguravel/ConfigurableEletronic/ClassPL3 - Lab3-20200305/Lab3_sources/project_1/project_1.runs/sine_high_synth_1/sine_high.dcp' has been generated.
WARNING: [Common 17-576] 'use_project_ipc' is deprecated. This option is deprecated and no longer used.
INFO: [Coretcl 2-1648] Added synthesis output to IP cache for IP sine_high, cache-ID = a75f5045fea16aa6
INFO: [Coretcl 2-1174] Renamed 21 cell refs.
Netlist sorting complete. Time (s): cpu = 00:00:00 ; elapsed = 00:00:00 . Memory (MB): peak = 1116.125 ; gain = 0.000
WARNING: [Constraints 18-5210] No constraints selected for write.
Resolution: This message can indicate that there are no constraints for the design, or it can indicate that the used_in flags are set such that the constraints are ignored. This later case is used when running synth_design to not write synthesis constraints to the resulting checkpoint. Instead, project constraints are read when the synthesized design is opened.
INFO: [Common 17-1381] The checkpoint 'C:/Users/ricar/Desktop/EletronicaConfiguravel/ConfigurableEletronic/ClassPL3 - Lab3-20200305/Lab3_sources/project_1/project_1.runs/sine_high_synth_1/sine_high.dcp' has been generated.
INFO: [runtcl-4] Executing : report_utilization -file sine_high_utilization_synth.rpt -pb sine_high_utilization_synth.pb
INFO: [Common 17-206] Exiting Vivado at Thu Mar  5 21:42:57 2020...
